2019-04-07 15:42:39,614 -- Starting DemoApplication on RuoFeng945 with PID 19084 (D:\Workspace\java\repository\fighter\template\devops\target\classes started by Administrator in d:\Workspace\java\repository\fighter\template\devops)
2019-04-07 15:42:39,621 -- No active profile set, falling back to default profiles: default
2019-04-07 15:42:39,707 -- Devtools property defaults active! Set 'spring.devtools.add-properties' to 'false' to disable
2019-04-07 15:42:39,708 -- For additional web related logging consider setting the 'logging.level.web' property to 'DEBUG'
2019-04-07 15:42:45,434 -- Bean 'org.springframework.transaction.annotation.ProxyTransactionManagementConfiguration' of type [org.springframework.transaction.annotation.ProxyTransactionManagementConfiguration$$EnhancerBySpringCGLIB$$cbe6c5bd] is not eligible for getting processed by all BeanPostProcessors (for example: not eligible for auto-proxying)
2019-04-07 15:42:46,122 -- Tomcat initialized with port(s): 1111 (http)
2019-04-07 15:42:46,146 -- Initializing ProtocolHandler ["http-nio-1111"]
2019-04-07 15:42:46,168 -- Starting service [Tomcat]
2019-04-07 15:42:46,168 -- Starting Servlet engine: [Apache Tomcat/9.0.16]
2019-04-07 15:42:46,185 -- An older version [1.2.14] of the APR based Apache Tomcat Native library is installed, while Tomcat recommends a minimum version of [1.2.21]
2019-04-07 15:42:46,186 -- Loaded APR based Apache Tomcat Native library [1.2.14] using APR version [1.6.2].
2019-04-07 15:42:46,186 -- APR capabilities: IPv6 [true], sendfile [true], accept filters [false], random [true].
2019-04-07 15:42:46,186 -- APR/OpenSSL configuration: useAprConnector [false], useOpenSSL [true]
2019-04-07 15:42:47,272 -- OpenSSL successfully initialized [OpenSSL 1.0.2l  25 May 2017]
2019-04-07 15:42:47,438 -- Initializing Spring embedded WebApplicationContext
2019-04-07 15:42:47,438 -- Root WebApplicationContext: initialization completed in 7730 ms
2019-04-07 15:42:47,713 -- Init DruidDataSource
2019-04-07 15:42:48,381 -- {dataSource-1} inited
2019-04-07 15:42:49,410 -- Initializing ExecutorService 'applicationTaskExecutor'
2019-04-07 15:42:49,657 -- Adding welcome page: class path resource [static/index.html]
2019-04-07 15:42:50,186 -- LiveReload server is running on port 35729
2019-04-07 15:42:50,200 -- Exposing 2 endpoint(s) beneath base path '/actuator'
2019-04-07 15:42:50,266 -- Starting ProtocolHandler ["http-nio-1111"]
2019-04-07 15:42:50,303 -- Tomcat started on port(s): 1111 (http) with context path ''
2019-04-07 15:42:50,308 -- Started DemoApplication in 11.271 seconds (JVM running for 12.429)
2019-04-07 15:42:51,931 -- Initializing Spring DispatcherServlet 'dispatcherServlet'
2019-04-07 15:42:51,932 -- Initializing Servlet 'dispatcherServlet'
2019-04-07 15:42:51,944 -- Completed initialization in 12 ms
2019-04-07 15:48:52,589 -- Shutting down ExecutorService 'applicationTaskExecutor'
2019-04-07 15:48:52,594 -- {dataSource-1} closed
2019-04-07 15:49:00,091 -- Starting DemoApplication on RuoFeng945 with PID 19084 (D:\Workspace\java\repository\fighter\template\devops\target\classes started by Administrator in d:\Workspace\java\repository\fighter\template\devops)
2019-04-07 15:49:00,092 -- No active profile set, falling back to default profiles: default
2019-04-07 15:49:03,808 -- Bean 'org.springframework.transaction.annotation.ProxyTransactionManagementConfiguration' of type [org.springframework.transaction.annotation.ProxyTransactionManagementConfiguration$$EnhancerBySpringCGLIB$$cbe6c5bd] is not eligible for getting processed by all BeanPostProcessors (for example: not eligible for auto-proxying)
2019-04-07 15:49:03,987 -- Tomcat initialized with port(s): 1111 (http)
2019-04-07 15:49:03,991 -- Initializing ProtocolHandler ["http-nio-1111"]
2019-04-07 15:49:03,992 -- Starting service [Tomcat]
2019-04-07 15:49:03,992 -- Starting Servlet engine: [Apache Tomcat/9.0.16]
2019-04-07 15:49:03,993 -- An older version [1.2.14] of the APR based Apache Tomcat Native library is installed, while Tomcat recommends a minimum version of [1.2.21]
2019-04-07 15:49:03,994 -- Loaded APR based Apache Tomcat Native library [1.2.14] using APR version [1.6.2].
2019-04-07 15:49:03,994 -- APR capabilities: IPv6 [true], sendfile [true], accept filters [false], random [true].
2019-04-07 15:49:03,995 -- APR/OpenSSL configuration: useAprConnector [false], useOpenSSL [true]
2019-04-07 15:49:03,996 -- OpenSSL successfully initialized [OpenSSL 1.0.2l  25 May 2017]
2019-04-07 15:49:04,039 -- Initializing Spring embedded WebApplicationContext
2019-04-07 15:49:04,039 -- Root WebApplicationContext: initialization completed in 3943 ms
2019-04-07 15:49:04,109 -- Init DruidDataSource
2019-04-07 15:49:04,190 -- {dataSource-2} inited
2019-04-07 15:49:04,388 -- Initializing ExecutorService 'applicationTaskExecutor'
2019-04-07 15:49:04,444 -- Adding welcome page: class path resource [static/index.html]
2019-04-07 15:49:04,673 -- LiveReload server is running on port 35729
2019-04-07 15:49:04,679 -- Exposing 2 endpoint(s) beneath base path '/actuator'
2019-04-07 15:49:04,770 -- Starting ProtocolHandler ["http-nio-1111"]
2019-04-07 15:49:04,777 -- Tomcat started on port(s): 1111 (http) with context path ''
2019-04-07 15:49:04,779 -- Started DemoApplication in 4.765 seconds (JVM running for 386.9)
2019-04-07 15:49:04,789 -- Condition evaluation unchanged
2019-04-07 15:49:09,689 -- Starting DemoApplication on RuoFeng945 with PID 8356 (D:\Workspace\java\repository\fighter\template\devops\target\classes started by Administrator in d:\Workspace\java\repository\fighter\template\devops)
2019-04-07 15:49:09,695 -- No active profile set, falling back to default profiles: default
2019-04-07 15:49:09,776 -- Devtools property defaults active! Set 'spring.devtools.add-properties' to 'false' to disable
2019-04-07 15:49:09,777 -- For additional web related logging consider setting the 'logging.level.web' property to 'DEBUG'
2019-04-07 15:49:15,417 -- Bean 'org.springframework.transaction.annotation.ProxyTransactionManagementConfiguration' of type [org.springframework.transaction.annotation.ProxyTransactionManagementConfiguration$$EnhancerBySpringCGLIB$$20e758ab] is not eligible for getting processed by all BeanPostProcessors (for example: not eligible for auto-proxying)
2019-04-07 15:49:16,109 -- Tomcat initialized with port(s): 1111 (http)
2019-04-07 15:49:16,133 -- Initializing ProtocolHandler ["http-nio-1111"]
2019-04-07 15:49:16,152 -- Starting service [Tomcat]
2019-04-07 15:49:16,153 -- Starting Servlet engine: [Apache Tomcat/9.0.16]
2019-04-07 15:49:16,170 -- An older version [1.2.14] of the APR based Apache Tomcat Native library is installed, while Tomcat recommends a minimum version of [1.2.21]
2019-04-07 15:49:16,170 -- Loaded APR based Apache Tomcat Native library [1.2.14] using APR version [1.6.2].
2019-04-07 15:49:16,171 -- APR capabilities: IPv6 [true], sendfile [true], accept filters [false], random [true].
2019-04-07 15:49:16,171 -- APR/OpenSSL configuration: useAprConnector [false], useOpenSSL [true]
2019-04-07 15:49:17,247 -- OpenSSL successfully initialized [OpenSSL 1.0.2l  25 May 2017]
2019-04-07 15:49:17,413 -- Initializing Spring embedded WebApplicationContext
2019-04-07 15:49:17,413 -- Root WebApplicationContext: initialization completed in 7636 ms
2019-04-07 15:49:17,682 -- Init DruidDataSource
2019-04-07 15:49:18,331 -- {dataSource-1} inited
2019-04-07 15:49:19,385 -- Initializing ExecutorService 'applicationTaskExecutor'
2019-04-07 15:49:19,621 -- Adding welcome page: class path resource [static/index.html]
2019-04-07 15:49:20,181 -- LiveReload server is running on port 35729
2019-04-07 15:49:20,194 -- Exposing 2 endpoint(s) beneath base path '/actuator'
2019-04-07 15:49:20,292 -- Starting ProtocolHandler ["http-nio-1111"]
2019-04-07 15:49:20,330 -- Tomcat started on port(s): 1111 (http) with context path ''
2019-04-07 15:49:20,335 -- Started DemoApplication in 11.218 seconds (JVM running for 12.366)
2019-04-07 15:49:25,461 -- Initializing Spring DispatcherServlet 'dispatcherServlet'
2019-04-07 15:49:25,462 -- Initializing Servlet 'dispatcherServlet'
2019-04-07 15:49:25,473 -- Completed initialization in 11 ms
