2019-04-10 19:49:45,091 -- Starting DemoApplication on i with PID 12608 (E:\workspace\java\devops\target\classes started by jzz in e:\workspace\java\devops)
2019-04-10 19:49:45,129 -- No active profile set, falling back to default profiles: default
2019-04-10 19:49:45,359 -- Devtools property defaults active! Set 'spring.devtools.add-properties' to 'false' to disable
2019-04-10 19:49:45,360 -- For additional web related logging consider setting the 'logging.level.web' property to 'DEBUG'
2019-04-10 19:49:54,425 -- Bean 'org.springframework.transaction.annotation.ProxyTransactionManagementConfiguration' of type [org.springframework.transaction.annotation.ProxyTransactionManagementConfiguration$$EnhancerBySpringCGLIB$$29762f13] is not eligible for getting processed by all BeanPostProcessors (for example: not eligible for auto-proxying)
2019-04-10 19:49:55,582 -- Tomcat initialized with port(s): 1111 (http)
2019-04-10 19:49:55,884 -- Initializing ProtocolHandler ["http-nio-1111"]
2019-04-10 19:49:55,933 -- Starting service [Tomcat]
2019-04-10 19:49:55,934 -- Starting Servlet engine: [Apache Tomcat/9.0.16]
2019-04-10 19:49:55,974 -- The APR based Apache Tomcat Native library which allows optimal performance in production environments was not found on the java.library.path: [D:\Java\jdk1.8.0_131\bin;C:\WINDOWS\Sun\Java\bin;C:\WINDOWS\system32;C:\WINDOWS;D:\app\jzz\product\11.2.0\client_1;D:\oraclexe\app\oracle\product\11.2.0\server\bin;C:\ProgramData\Oracle\Java\javapath\;C:\Program Files (x86)\NVIDIA Corporation\PhysX\Common;F:\no-know\apache-maven-3.3.9\bin;E:\redisCorrelation\redis;F:\TortoiseGit\bin;F:\Git\cmd;D:\Java\jdk1.8.0_131\bin;D:\Java\jdk1.8.0_131\jre\bin;E:\myapp\Sencha\Cmd;C:\Windows\System32;C:\WINDOWS;E:\mongDB\mongodb-win32-x86_64-2008plus-ssl-3.4.8\bin;C:\WINDOWS\system32\wbem;C:\WINDOWS\system32;C:\WINDOWS\System32\Wbem;C:\WINDOWS\System32\WindowsPowerShell\v1.0\;C:\WINDOWS\System32\OpenSSH\;C:\Program Files (x86)\Microsoft SQL Server\Client SDK\ODBC\130\Tools\Binn\;C:\Program Files (x86)\Microsoft SQL Server\140\Tools\Binn\;C:\Program Files (x86)\Microsoft SQL Server\140\DTS\Binn\;C:\Program Files (x86)\Microsoft SQL Server\140\Tools\Binn\ManagementStudio\;C:\Program Files\Microsoft SQL Server\Client SDK\ODBC\130\Tools\Binn\;C:\Program Files\Microsoft SQL Server\140\Tools\Binn\;C:\Program Files\Microsoft SQL Server\140\DTS\Binn\;E:\Program Files\erl10.2\bin;E:\Program Files\RabbitMQ Server\rabbitmq_server-3.7.12\sbin;E:\Program Files\nodejs\;C:\Users\jzz\AppData\Local\Programs\Python\Python36-32\Scripts\;C:\Users\jzz\AppData\Local\Programs\Python\Python36-32\;C:\Users\jzz\AppData\Local\Microsoft\WindowsApps;E:\SSH Secu;C:\Users\jzz\AppData\Roaming\npm;E:\Users\jzz\AppData\Local\Programs\Microsoft VS Code\bin;C:\Users\jzz\AppData\Local\BypassRuntm;.]
2019-04-10 19:49:56,300 -- Initializing Spring embedded WebApplicationContext
2019-04-10 19:49:56,300 -- Root WebApplicationContext: initialization completed in 10939 ms
2019-04-10 19:49:56,652 -- Init DruidDataSource
2019-04-10 19:49:57,511 -- {dataSource-1} inited
2019-04-10 19:49:58,712 -- Initializing ExecutorService 'applicationTaskExecutor'
2019-04-10 19:49:58,984 -- Adding welcome page: class path resource [static/index.html]
2019-04-10 19:49:59,540 -- LiveReload server is running on port 35729
2019-04-10 19:49:59,556 -- Exposing 2 endpoint(s) beneath base path '/actuator'
2019-04-10 19:49:59,650 -- Starting ProtocolHandler ["http-nio-1111"]
2019-04-10 19:49:59,704 -- Tomcat started on port(s): 1111 (http) with context path ''
2019-04-10 19:49:59,710 -- Started DemoApplication in 15.426 seconds (JVM running for 17.598)
2019-04-10 19:50:35,415 -- Initializing Spring DispatcherServlet 'dispatcherServlet'
2019-04-10 19:50:35,416 -- Initializing Servlet 'dispatcherServlet'
2019-04-10 19:50:35,430 -- Completed initialization in 14 ms
