2019-04-05 23:00:01,135 -- Bean 'org.springframework.transaction.annotation.ProxyTransactionManagementConfiguration' of type [org.springframework.transaction.annotation.ProxyTransactionManagementConfiguration$$EnhancerBySpringCGLIB$$c266af40] is not eligible for getting processed by all BeanPostProcessors (for example: not eligible for auto-proxying)
2019-04-05 23:00:01,301 -- Tomcat initialized with port(s): 1111 (http)
2019-04-05 23:00:01,303 -- Initializing ProtocolHandler ["http-nio-1111"]
2019-04-05 23:00:01,304 -- Starting service [Tomcat]
2019-04-05 23:00:01,304 -- Starting Servlet engine: [Apache Tomcat/9.0.16]
2019-04-05 23:00:01,305 -- An older version [1.2.14] of the APR based Apache Tomcat Native library is installed, while Tomcat recommends a minimum version of [1.2.21]
2019-04-05 23:00:01,306 -- Loaded APR based Apache Tomcat Native library [1.2.14] using APR version [1.6.2].
2019-04-05 23:00:01,307 -- APR capabilities: IPv6 [true], sendfile [true], accept filters [false], random [true].
2019-04-05 23:00:01,307 -- APR/OpenSSL configuration: useAprConnector [false], useOpenSSL [true]
2019-04-05 23:00:01,308 -- OpenSSL successfully initialized [OpenSSL 1.0.2l  25 May 2017]
2019-04-05 23:00:01,347 -- Initializing Spring embedded WebApplicationContext
2019-04-05 23:00:01,348 -- Root WebApplicationContext: initialization completed in 3826 ms
2019-04-05 23:00:01,403 -- Init DruidDataSource
2019-04-05 23:00:01,467 -- {dataSource-11} inited
2019-04-05 23:00:01,629 -- Initializing ExecutorService 'applicationTaskExecutor'
2019-04-05 23:00:01,661 -- Adding welcome page: class path resource [static/index.html]
2019-04-05 23:00:01,870 -- LiveReload server is running on port 35729
2019-04-05 23:00:01,875 -- Exposing 2 endpoint(s) beneath base path '/actuator'
2019-04-05 23:00:01,908 -- Starting ProtocolHandler ["http-nio-1111"]
2019-04-05 23:00:01,913 -- Tomcat started on port(s): 1111 (http) with context path ''
2019-04-05 23:00:01,913 -- Started DemoApplication in 4.448 seconds (JVM running for 1771.303)
2019-04-05 23:00:01,916 -- Condition evaluation unchanged
2019-04-05 23:00:02,111 -- Initializing Spring DispatcherServlet 'dispatcherServlet'
2019-04-05 23:00:02,112 -- Initializing Servlet 'dispatcherServlet'
2019-04-05 23:00:02,116 -- Completed initialization in 4 ms
2019-04-05 23:01:14,861 -- Shutting down ExecutorService 'applicationTaskExecutor'
2019-04-05 23:01:14,866 -- {dataSource-11} closed
2019-04-05 23:01:15,467 -- Starting DemoApplication on RuoFeng945 with PID 19656 (D:\Workspace\java\repository\fighter\template\devops\target\classes started by Administrator in d:\Workspace\java\repository\fighter\template\devops)
2019-04-05 23:01:15,468 -- No active profile set, falling back to default profiles: default
2019-04-05 23:01:19,043 -- Bean 'org.springframework.transaction.annotation.ProxyTransactionManagementConfiguration' of type [org.springframework.transaction.annotation.ProxyTransactionManagementConfiguration$$EnhancerBySpringCGLIB$$c266af40] is not eligible for getting processed by all BeanPostProcessors (for example: not eligible for auto-proxying)
2019-04-05 23:01:19,203 -- Tomcat initialized with port(s): 1111 (http)
2019-04-05 23:01:19,205 -- Initializing ProtocolHandler ["http-nio-1111"]
2019-04-05 23:01:19,206 -- Starting service [Tomcat]
2019-04-05 23:01:19,206 -- Starting Servlet engine: [Apache Tomcat/9.0.16]
2019-04-05 23:01:19,207 -- An older version [1.2.14] of the APR based Apache Tomcat Native library is installed, while Tomcat recommends a minimum version of [1.2.21]
2019-04-05 23:01:19,207 -- Loaded APR based Apache Tomcat Native library [1.2.14] using APR version [1.6.2].
2019-04-05 23:01:19,208 -- APR capabilities: IPv6 [true], sendfile [true], accept filters [false], random [true].
2019-04-05 23:01:19,208 -- APR/OpenSSL configuration: useAprConnector [false], useOpenSSL [true]
2019-04-05 23:01:19,209 -- OpenSSL successfully initialized [OpenSSL 1.0.2l  25 May 2017]
2019-04-05 23:01:19,248 -- Initializing Spring embedded WebApplicationContext
2019-04-05 23:01:19,248 -- Root WebApplicationContext: initialization completed in 3777 ms
2019-04-05 23:01:19,302 -- Init DruidDataSource
2019-04-05 23:01:19,364 -- {dataSource-12} inited
2019-04-05 23:01:19,524 -- Initializing ExecutorService 'applicationTaskExecutor'
2019-04-05 23:01:19,555 -- Adding welcome page: class path resource [static/index.html]
2019-04-05 23:01:19,762 -- LiveReload server is running on port 35729
2019-04-05 23:01:19,766 -- Exposing 2 endpoint(s) beneath base path '/actuator'
2019-04-05 23:01:19,799 -- Starting ProtocolHandler ["http-nio-1111"]
2019-04-05 23:01:19,804 -- Tomcat started on port(s): 1111 (http) with context path ''
2019-04-05 23:01:19,805 -- Started DemoApplication in 4.39 seconds (JVM running for 1849.194)
2019-04-05 23:01:19,808 -- Condition evaluation unchanged
2019-04-05 23:01:22,853 -- Initializing Spring DispatcherServlet 'dispatcherServlet'
2019-04-05 23:01:22,854 -- Initializing Servlet 'dispatcherServlet'
2019-04-05 23:01:22,858 -- Completed initialization in 4 ms
