2019-04-16 11:28:50,008 -- Starting DemoApplication on i with PID 11424 (E:\workspace\java\devops\target\classes started by jzz in e:\workspace\java\devops)
2019-04-16 11:28:50,013 -- No active profile set, falling back to default profiles: default
2019-04-16 11:28:50,076 -- Devtools property defaults active! Set 'spring.devtools.add-properties' to 'false' to disable
2019-04-16 11:28:50,077 -- For additional web related logging consider setting the 'logging.level.web' property to 'DEBUG'
2019-04-16 11:28:57,551 -- Bean 'org.springframework.transaction.annotation.ProxyTransactionManagementConfiguration' of type [org.springframework.transaction.annotation.ProxyTransactionManagementConfiguration$$EnhancerBySpringCGLIB$$ebfd155a] is not eligible for getting processed by all BeanPostProcessors (for example: not eligible for auto-proxying)
2019-04-16 11:28:58,183 -- Tomcat initialized with port(s): 1111 (http)
2019-04-16 11:28:58,203 -- Initializing ProtocolHandler ["http-nio-1111"]
2019-04-16 11:28:58,215 -- Starting service [Tomcat]
2019-04-16 11:28:58,216 -- Starting Servlet engine: [Apache Tomcat/9.0.16]
2019-04-16 11:28:58,231 -- The APR based Apache Tomcat Native library which allows optimal performance in production environments was not found on the java.library.path: [D:\Java\jdk1.8.0_131\bin;C:\WINDOWS\Sun\Java\bin;C:\WINDOWS\system32;C:\WINDOWS;D:\app\jzz\product\11.2.0\client_1;D:\oraclexe\app\oracle\product\11.2.0\server\bin;C:\ProgramData\Oracle\Java\javapath\;C:\Program Files (x86)\NVIDIA Corporation\PhysX\Common;F:\no-know\apache-maven-3.3.9\bin;E:\redisCorrelation\redis;F:\TortoiseGit\bin;F:\Git\cmd;D:\Java\jdk1.8.0_131\bin;D:\Java\jdk1.8.0_131\jre\bin;E:\myapp\Sencha\Cmd;C:\Windows\System32;C:\WINDOWS;E:\mongDB\mongodb-win32-x86_64-2008plus-ssl-3.4.8\bin;C:\WINDOWS\system32\wbem;C:\WINDOWS\system32;C:\WINDOWS\System32\Wbem;C:\WINDOWS\System32\WindowsPowerShell\v1.0\;C:\WINDOWS\System32\OpenSSH\;C:\Program Files (x86)\Microsoft SQL Server\Client SDK\ODBC\130\Tools\Binn\;C:\Program Files (x86)\Microsoft SQL Server\140\Tools\Binn\;C:\Program Files (x86)\Microsoft SQL Server\140\DTS\Binn\;C:\Program Files (x86)\Microsoft SQL Server\140\Tools\Binn\ManagementStudio\;C:\Program Files\Microsoft SQL Server\Client SDK\ODBC\130\Tools\Binn\;C:\Program Files\Microsoft SQL Server\140\Tools\Binn\;C:\Program Files\Microsoft SQL Server\140\DTS\Binn\;E:\Program Files\erl10.2\bin;E:\Program Files\RabbitMQ Server\rabbitmq_server-3.7.12\sbin;E:\Program Files\nodejs\;C:\Users\jzz\AppData\Local\Programs\Python\Python36-32\Scripts\;C:\Users\jzz\AppData\Local\Programs\Python\Python36-32\;C:\Users\jzz\AppData\Local\Microsoft\WindowsApps;E:\SSH Secu;C:\Users\jzz\AppData\Roaming\npm;E:\Users\jzz\AppData\Local\Programs\Microsoft VS Code\bin;C:\Users\jzz\AppData\Local\BypassRuntm;.]
2019-04-16 11:28:58,413 -- Initializing Spring embedded WebApplicationContext
2019-04-16 11:28:58,414 -- Root WebApplicationContext: initialization completed in 8336 ms
2019-04-16 11:28:58,714 -- Init DruidDataSource
2019-04-16 11:28:59,462 -- {dataSource-1} inited
2019-04-16 11:29:00,350 -- Initializing ExecutorService 'applicationTaskExecutor'
2019-04-16 11:29:00,544 -- Adding welcome page: class path resource [static/index.html]
2019-04-16 11:29:01,015 -- LiveReload server is running on port 35729
2019-04-16 11:29:01,029 -- Exposing 2 endpoint(s) beneath base path '/actuator'
2019-04-16 11:29:01,110 -- Starting ProtocolHandler ["http-nio-1111"]
2019-04-16 11:29:01,154 -- Tomcat started on port(s): 1111 (http) with context path ''
2019-04-16 11:29:01,158 -- Started DemoApplication in 11.701 seconds (JVM running for 12.85)
2019-04-16 11:30:11,028 -- Starting DemoApplication on i with PID 13472 (E:\workspace\java\devops\target\classes started by jzz in e:\workspace\java\devops)
2019-04-16 11:30:11,032 -- No active profile set, falling back to default profiles: default
2019-04-16 11:30:11,087 -- Devtools property defaults active! Set 'spring.devtools.add-properties' to 'false' to disable
2019-04-16 11:30:11,088 -- For additional web related logging consider setting the 'logging.level.web' property to 'DEBUG'
2019-04-16 11:30:22,694 -- Starting DemoApplication on i with PID 11904 (E:\workspace\java\devops\target\classes started by jzz in e:\workspace\java\devops)
2019-04-16 11:30:22,697 -- No active profile set, falling back to default profiles: default
2019-04-16 11:30:22,746 -- Devtools property defaults active! Set 'spring.devtools.add-properties' to 'false' to disable
2019-04-16 11:30:22,746 -- For additional web related logging consider setting the 'logging.level.web' property to 'DEBUG'
2019-04-16 11:30:27,228 -- Bean 'org.springframework.transaction.annotation.ProxyTransactionManagementConfiguration' of type [org.springframework.transaction.annotation.ProxyTransactionManagementConfiguration$$EnhancerBySpringCGLIB$$b7d50262] is not eligible for getting processed by all BeanPostProcessors (for example: not eligible for auto-proxying)
2019-04-16 11:30:27,778 -- Tomcat initialized with port(s): 1111 (http)
2019-04-16 11:30:27,795 -- Initializing ProtocolHandler ["http-nio-1111"]
2019-04-16 11:30:27,807 -- Starting service [Tomcat]
2019-04-16 11:30:27,807 -- Starting Servlet engine: [Apache Tomcat/9.0.16]
2019-04-16 11:30:27,820 -- The APR based Apache Tomcat Native library which allows optimal performance in production environments was not found on the java.library.path: [D:\Java\jdk1.8.0_131\bin;C:\WINDOWS\Sun\Java\bin;C:\WINDOWS\system32;C:\WINDOWS;D:\app\jzz\product\11.2.0\client_1;D:\oraclexe\app\oracle\product\11.2.0\server\bin;C:\ProgramData\Oracle\Java\javapath\;C:\Program Files (x86)\NVIDIA Corporation\PhysX\Common;F:\no-know\apache-maven-3.3.9\bin;E:\redisCorrelation\redis;F:\TortoiseGit\bin;F:\Git\cmd;D:\Java\jdk1.8.0_131\bin;D:\Java\jdk1.8.0_131\jre\bin;E:\myapp\Sencha\Cmd;C:\Windows\System32;C:\WINDOWS;E:\mongDB\mongodb-win32-x86_64-2008plus-ssl-3.4.8\bin;C:\WINDOWS\system32\wbem;C:\WINDOWS\system32;C:\WINDOWS\System32\Wbem;C:\WINDOWS\System32\WindowsPowerShell\v1.0\;C:\WINDOWS\System32\OpenSSH\;C:\Program Files (x86)\Microsoft SQL Server\Client SDK\ODBC\130\Tools\Binn\;C:\Program Files (x86)\Microsoft SQL Server\140\Tools\Binn\;C:\Program Files (x86)\Microsoft SQL Server\140\DTS\Binn\;C:\Program Files (x86)\Microsoft SQL Server\140\Tools\Binn\ManagementStudio\;C:\Program Files\Microsoft SQL Server\Client SDK\ODBC\130\Tools\Binn\;C:\Program Files\Microsoft SQL Server\140\Tools\Binn\;C:\Program Files\Microsoft SQL Server\140\DTS\Binn\;E:\Program Files\erl10.2\bin;E:\Program Files\RabbitMQ Server\rabbitmq_server-3.7.12\sbin;E:\Program Files\nodejs\;C:\Users\jzz\AppData\Local\Programs\Python\Python36-32\Scripts\;C:\Users\jzz\AppData\Local\Programs\Python\Python36-32\;C:\Users\jzz\AppData\Local\Microsoft\WindowsApps;E:\SSH Secu;C:\Users\jzz\AppData\Roaming\npm;E:\Users\jzz\AppData\Local\Programs\Microsoft VS Code\bin;C:\Users\jzz\AppData\Local\BypassRuntm;.]
2019-04-16 11:30:27,955 -- Initializing Spring embedded WebApplicationContext
2019-04-16 11:30:27,956 -- Root WebApplicationContext: initialization completed in 5209 ms
2019-04-16 11:30:28,187 -- Init DruidDataSource
2019-04-16 11:30:28,682 -- {dataSource-1} inited
2019-04-16 11:30:29,374 -- Initializing ExecutorService 'applicationTaskExecutor'
2019-04-16 11:30:29,544 -- Adding welcome page: class path resource [static/index.html]
2019-04-16 11:30:29,924 -- LiveReload server is running on port 35729
2019-04-16 11:30:29,934 -- Exposing 2 endpoint(s) beneath base path '/actuator'
2019-04-16 11:30:30,000 -- Starting ProtocolHandler ["http-nio-1111"]
2019-04-16 11:30:30,037 -- Tomcat started on port(s): 1111 (http) with context path ''
2019-04-16 11:30:30,042 -- Started DemoApplication in 7.678 seconds (JVM running for 8.381)
2019-04-16 11:31:24,320 -- Initializing Spring DispatcherServlet 'dispatcherServlet'
2019-04-16 11:31:24,320 -- Initializing Servlet 'dispatcherServlet'
2019-04-16 11:31:24,340 -- Completed initialization in 19 ms
