2019-04-07 09:50:29,315 -- Starting DemoApplication on RuoFeng945 with PID 11020 (D:\Workspace\java\repository\fighter\template\devops\target\classes started by Administrator in d:\Workspace\java\repository\fighter\template\devops)
2019-04-07 09:50:29,320 -- No active profile set, falling back to default profiles: default
2019-04-07 09:50:29,387 -- Devtools property defaults active! Set 'spring.devtools.add-properties' to 'false' to disable
2019-04-07 09:50:29,388 -- For additional web related logging consider setting the 'logging.level.web' property to 'DEBUG'
2019-04-07 09:50:34,913 -- Bean 'org.springframework.transaction.annotation.ProxyTransactionManagementConfiguration' of type [org.springframework.transaction.annotation.ProxyTransactionManagementConfiguration$$EnhancerBySpringCGLIB$$ccb69c7] is not eligible for getting processed by all BeanPostProcessors (for example: not eligible for auto-proxying)
2019-04-07 09:50:35,709 -- Tomcat initialized with port(s): 1111 (http)
2019-04-07 09:50:35,736 -- Initializing ProtocolHandler ["http-nio-1111"]
2019-04-07 09:50:35,758 -- Starting service [Tomcat]
2019-04-07 09:50:35,759 -- Starting Servlet engine: [Apache Tomcat/9.0.16]
2019-04-07 09:50:35,779 -- An older version [1.2.14] of the APR based Apache Tomcat Native library is installed, while Tomcat recommends a minimum version of [1.2.21]
2019-04-07 09:50:35,779 -- Loaded APR based Apache Tomcat Native library [1.2.14] using APR version [1.6.2].
2019-04-07 09:50:35,779 -- APR capabilities: IPv6 [true], sendfile [true], accept filters [false], random [true].
2019-04-07 09:50:35,779 -- APR/OpenSSL configuration: useAprConnector [false], useOpenSSL [true]
2019-04-07 09:50:36,882 -- OpenSSL successfully initialized [OpenSSL 1.0.2l  25 May 2017]
2019-04-07 09:50:37,073 -- Initializing Spring embedded WebApplicationContext
2019-04-07 09:50:37,073 -- Root WebApplicationContext: initialization completed in 7685 ms
2019-04-07 09:50:37,393 -- Init DruidDataSource
2019-04-07 09:50:38,090 -- {dataSource-1} inited
2019-04-07 09:50:39,044 -- Initializing ExecutorService 'applicationTaskExecutor'
2019-04-07 09:50:39,260 -- Adding welcome page: class path resource [static/index.html]
2019-04-07 09:50:39,759 -- LiveReload server is running on port 35729
2019-04-07 09:50:39,773 -- Exposing 2 endpoint(s) beneath base path '/actuator'
2019-04-07 09:50:39,851 -- Starting ProtocolHandler ["http-nio-1111"]
2019-04-07 09:50:39,890 -- Tomcat started on port(s): 1111 (http) with context path ''
2019-04-07 09:50:39,894 -- Started DemoApplication in 11.168 seconds (JVM running for 12.459)
2019-04-07 09:50:44,877 -- Initializing Spring DispatcherServlet 'dispatcherServlet'
2019-04-07 09:50:44,878 -- Initializing Servlet 'dispatcherServlet'
2019-04-07 09:50:44,890 -- Completed initialization in 12 ms
2019-04-07 09:52:18,581 -- Shutting down ExecutorService 'applicationTaskExecutor'
2019-04-07 09:52:18,589 -- {dataSource-1} closed
2019-04-07 09:52:19,013 -- Starting DemoApplication on RuoFeng945 with PID 11020 (D:\Workspace\java\repository\fighter\template\devops\target\classes started by Administrator in d:\Workspace\java\repository\fighter\template\devops)
2019-04-07 09:52:19,014 -- No active profile set, falling back to default profiles: default
2019-04-07 09:52:22,853 -- Bean 'org.springframework.transaction.annotation.ProxyTransactionManagementConfiguration' of type [org.springframework.transaction.annotation.ProxyTransactionManagementConfiguration$$EnhancerBySpringCGLIB$$ccb69c7] is not eligible for getting processed by all BeanPostProcessors (for example: not eligible for auto-proxying)
2019-04-07 09:52:23,061 -- Tomcat initialized with port(s): 1111 (http)
2019-04-07 09:52:23,065 -- Initializing ProtocolHandler ["http-nio-1111"]
2019-04-07 09:52:23,066 -- Starting service [Tomcat]
2019-04-07 09:52:23,067 -- Starting Servlet engine: [Apache Tomcat/9.0.16]
2019-04-07 09:52:23,067 -- An older version [1.2.14] of the APR based Apache Tomcat Native library is installed, while Tomcat recommends a minimum version of [1.2.21]
2019-04-07 09:52:23,068 -- Loaded APR based Apache Tomcat Native library [1.2.14] using APR version [1.6.2].
2019-04-07 09:52:23,068 -- APR capabilities: IPv6 [true], sendfile [true], accept filters [false], random [true].
2019-04-07 09:52:23,068 -- APR/OpenSSL configuration: useAprConnector [false], useOpenSSL [true]
2019-04-07 09:52:23,069 -- OpenSSL successfully initialized [OpenSSL 1.0.2l  25 May 2017]
2019-04-07 09:52:23,121 -- Initializing Spring embedded WebApplicationContext
2019-04-07 09:52:23,122 -- Root WebApplicationContext: initialization completed in 4103 ms
2019-04-07 09:52:23,208 -- Init DruidDataSource
2019-04-07 09:52:23,302 -- {dataSource-2} inited
2019-04-07 09:52:23,534 -- Initializing ExecutorService 'applicationTaskExecutor'
2019-04-07 09:52:23,596 -- Adding welcome page: class path resource [static/index.html]
2019-04-07 09:52:23,874 -- LiveReload server is running on port 35729
2019-04-07 09:52:23,880 -- Exposing 2 endpoint(s) beneath base path '/actuator'
2019-04-07 09:52:23,960 -- Starting ProtocolHandler ["http-nio-1111"]
2019-04-07 09:52:24,071 -- Tomcat started on port(s): 1111 (http) with context path ''
2019-04-07 09:52:24,073 -- Started DemoApplication in 5.145 seconds (JVM running for 116.638)
2019-04-07 09:52:24,083 -- Condition evaluation unchanged
2019-04-07 09:52:27,613 -- Initializing Spring DispatcherServlet 'dispatcherServlet'
2019-04-07 09:52:27,615 -- Initializing Servlet 'dispatcherServlet'
2019-04-07 09:52:27,625 -- Completed initialization in 10 ms
2019-04-07 09:54:33,408 -- Starting DemoApplication on RuoFeng945 with PID 10176 (D:\Workspace\java\repository\fighter\template\devops\target\classes started by Administrator in d:\Workspace\java\repository\fighter\template\devops)
2019-04-07 09:54:33,413 -- No active profile set, falling back to default profiles: default
2019-04-07 09:54:33,498 -- Devtools property defaults active! Set 'spring.devtools.add-properties' to 'false' to disable
2019-04-07 09:54:33,498 -- For additional web related logging consider setting the 'logging.level.web' property to 'DEBUG'
2019-04-07 09:54:39,151 -- Bean 'org.springframework.transaction.annotation.ProxyTransactionManagementConfiguration' of type [org.springframework.transaction.annotation.ProxyTransactionManagementConfiguration$$EnhancerBySpringCGLIB$$6e5a156a] is not eligible for getting processed by all BeanPostProcessors (for example: not eligible for auto-proxying)
2019-04-07 09:54:39,908 -- Tomcat initialized with port(s): 1111 (http)
2019-04-07 09:54:39,932 -- Initializing ProtocolHandler ["http-nio-1111"]
2019-04-07 09:54:39,952 -- Starting service [Tomcat]
2019-04-07 09:54:39,952 -- Starting Servlet engine: [Apache Tomcat/9.0.16]
2019-04-07 09:54:39,969 -- An older version [1.2.14] of the APR based Apache Tomcat Native library is installed, while Tomcat recommends a minimum version of [1.2.21]
2019-04-07 09:54:39,969 -- Loaded APR based Apache Tomcat Native library [1.2.14] using APR version [1.6.2].
2019-04-07 09:54:39,969 -- APR capabilities: IPv6 [true], sendfile [true], accept filters [false], random [true].
2019-04-07 09:54:39,969 -- APR/OpenSSL configuration: useAprConnector [false], useOpenSSL [true]
2019-04-07 09:54:41,056 -- OpenSSL successfully initialized [OpenSSL 1.0.2l  25 May 2017]
2019-04-07 09:54:41,217 -- Initializing Spring embedded WebApplicationContext
2019-04-07 09:54:41,217 -- Root WebApplicationContext: initialization completed in 7718 ms
2019-04-07 09:54:41,487 -- Init DruidDataSource
2019-04-07 09:54:42,145 -- {dataSource-1} inited
2019-04-07 09:54:43,111 -- Initializing ExecutorService 'applicationTaskExecutor'
2019-04-07 09:54:43,323 -- Adding welcome page: class path resource [static/index.html]
2019-04-07 09:54:43,816 -- LiveReload server is running on port 35729
2019-04-07 09:54:43,829 -- Exposing 2 endpoint(s) beneath base path '/actuator'
2019-04-07 09:54:43,907 -- Starting ProtocolHandler ["http-nio-1111"]
2019-04-07 09:54:43,946 -- Tomcat started on port(s): 1111 (http) with context path ''
2019-04-07 09:54:43,950 -- Started DemoApplication in 11.13 seconds (JVM running for 12.269)
2019-04-07 09:54:46,667 -- Initializing Spring DispatcherServlet 'dispatcherServlet'
2019-04-07 09:54:46,667 -- Initializing Servlet 'dispatcherServlet'
2019-04-07 09:54:46,680 -- Completed initialization in 13 ms
2019-04-07 09:57:58,151 -- Shutting down ExecutorService 'applicationTaskExecutor'
2019-04-07 09:57:58,155 -- {dataSource-1} closed
2019-04-07 09:57:58,534 -- Starting DemoApplication on RuoFeng945 with PID 10176 (D:\Workspace\java\repository\fighter\template\devops\target\classes started by Administrator in d:\Workspace\java\repository\fighter\template\devops)
2019-04-07 09:57:58,534 -- No active profile set, falling back to default profiles: default
2019-04-07 09:58:02,331 -- Bean 'org.springframework.transaction.annotation.ProxyTransactionManagementConfiguration' of type [org.springframework.transaction.annotation.ProxyTransactionManagementConfiguration$$EnhancerBySpringCGLIB$$6e5a156a] is not eligible for getting processed by all BeanPostProcessors (for example: not eligible for auto-proxying)
2019-04-07 09:58:02,507 -- Tomcat initialized with port(s): 1111 (http)
2019-04-07 09:58:02,512 -- Initializing ProtocolHandler ["http-nio-1111"]
2019-04-07 09:58:02,513 -- Starting service [Tomcat]
2019-04-07 09:58:02,514 -- Starting Servlet engine: [Apache Tomcat/9.0.16]
2019-04-07 09:58:02,514 -- An older version [1.2.14] of the APR based Apache Tomcat Native library is installed, while Tomcat recommends a minimum version of [1.2.21]
2019-04-07 09:58:02,514 -- Loaded APR based Apache Tomcat Native library [1.2.14] using APR version [1.6.2].
2019-04-07 09:58:02,515 -- APR capabilities: IPv6 [true], sendfile [true], accept filters [false], random [true].
2019-04-07 09:58:02,515 -- APR/OpenSSL configuration: useAprConnector [false], useOpenSSL [true]
2019-04-07 09:58:02,515 -- OpenSSL successfully initialized [OpenSSL 1.0.2l  25 May 2017]
2019-04-07 09:58:02,558 -- Initializing Spring embedded WebApplicationContext
2019-04-07 09:58:02,558 -- Root WebApplicationContext: initialization completed in 4019 ms
2019-04-07 09:58:02,627 -- Init DruidDataSource
2019-04-07 09:58:02,710 -- {dataSource-2} inited
2019-04-07 09:58:02,921 -- Initializing ExecutorService 'applicationTaskExecutor'
2019-04-07 09:58:03,000 -- Adding welcome page: class path resource [static/index.html]
2019-04-07 09:58:03,252 -- LiveReload server is running on port 35729
2019-04-07 09:58:03,257 -- Exposing 2 endpoint(s) beneath base path '/actuator'
2019-04-07 09:58:03,362 -- Starting ProtocolHandler ["http-nio-1111"]
2019-04-07 09:58:03,370 -- Tomcat started on port(s): 1111 (http) with context path ''
2019-04-07 09:58:03,371 -- Started DemoApplication in 4.915 seconds (JVM running for 211.691)
2019-04-07 09:58:03,378 -- Condition evaluation unchanged
2019-04-07 09:58:03,751 -- Initializing Spring DispatcherServlet 'dispatcherServlet'
2019-04-07 09:58:03,752 -- Initializing Servlet 'dispatcherServlet'
2019-04-07 09:58:03,757 -- Completed initialization in 5 ms
2019-04-07 09:58:34,462 -- Shutting down ExecutorService 'applicationTaskExecutor'
2019-04-07 09:58:34,466 -- {dataSource-2} closed
2019-04-07 09:58:34,991 -- Starting DemoApplication on RuoFeng945 with PID 10176 (D:\Workspace\java\repository\fighter\template\devops\target\classes started by Administrator in d:\Workspace\java\repository\fighter\template\devops)
2019-04-07 09:58:34,991 -- No active profile set, falling back to default profiles: default
2019-04-07 09:58:38,784 -- Bean 'org.springframework.transaction.annotation.ProxyTransactionManagementConfiguration' of type [org.springframework.transaction.annotation.ProxyTransactionManagementConfiguration$$EnhancerBySpringCGLIB$$6e5a156a] is not eligible for getting processed by all BeanPostProcessors (for example: not eligible for auto-proxying)
2019-04-07 09:58:38,964 -- Tomcat initialized with port(s): 1111 (http)
2019-04-07 09:58:38,967 -- Initializing ProtocolHandler ["http-nio-1111"]
2019-04-07 09:58:38,969 -- Starting service [Tomcat]
2019-04-07 09:58:38,969 -- Starting Servlet engine: [Apache Tomcat/9.0.16]
2019-04-07 09:58:38,970 -- An older version [1.2.14] of the APR based Apache Tomcat Native library is installed, while Tomcat recommends a minimum version of [1.2.21]
2019-04-07 09:58:38,970 -- Loaded APR based Apache Tomcat Native library [1.2.14] using APR version [1.6.2].
2019-04-07 09:58:38,970 -- APR capabilities: IPv6 [true], sendfile [true], accept filters [false], random [true].
2019-04-07 09:58:38,970 -- APR/OpenSSL configuration: useAprConnector [false], useOpenSSL [true]
2019-04-07 09:58:38,971 -- OpenSSL successfully initialized [OpenSSL 1.0.2l  25 May 2017]
2019-04-07 09:58:39,015 -- Initializing Spring embedded WebApplicationContext
2019-04-07 09:58:39,016 -- Root WebApplicationContext: initialization completed in 4021 ms
2019-04-07 09:58:39,082 -- Init DruidDataSource
2019-04-07 09:58:39,159 -- {dataSource-3} inited
2019-04-07 09:58:39,351 -- Initializing ExecutorService 'applicationTaskExecutor'
2019-04-07 09:58:39,395 -- Adding welcome page: class path resource [static/index.html]
2019-04-07 09:58:39,627 -- LiveReload server is running on port 35729
2019-04-07 09:58:39,632 -- Exposing 2 endpoint(s) beneath base path '/actuator'
2019-04-07 09:58:39,668 -- Starting ProtocolHandler ["http-nio-1111"]
2019-04-07 09:58:39,673 -- Tomcat started on port(s): 1111 (http) with context path ''
2019-04-07 09:58:39,674 -- Started DemoApplication in 4.758 seconds (JVM running for 247.994)
2019-04-07 09:58:39,678 -- Condition evaluation unchanged
2019-04-07 09:58:40,736 -- Initializing Spring DispatcherServlet 'dispatcherServlet'
2019-04-07 09:58:40,737 -- Initializing Servlet 'dispatcherServlet'
2019-04-07 09:58:40,742 -- Completed initialization in 5 ms
2019-04-07 09:59:03,593 -- Shutting down ExecutorService 'applicationTaskExecutor'
2019-04-07 09:59:03,598 -- {dataSource-3} closed
2019-04-07 09:59:04,141 -- Starting DemoApplication on RuoFeng945 with PID 10176 (D:\Workspace\java\repository\fighter\template\devops\target\classes started by Administrator in d:\Workspace\java\repository\fighter\template\devops)
2019-04-07 09:59:04,142 -- No active profile set, falling back to default profiles: default
2019-04-07 09:59:07,873 -- Bean 'org.springframework.transaction.annotation.ProxyTransactionManagementConfiguration' of type [org.springframework.transaction.annotation.ProxyTransactionManagementConfiguration$$EnhancerBySpringCGLIB$$6e5a156a] is not eligible for getting processed by all BeanPostProcessors (for example: not eligible for auto-proxying)
2019-04-07 09:59:08,056 -- Tomcat initialized with port(s): 1111 (http)
2019-04-07 09:59:08,060 -- Initializing ProtocolHandler ["http-nio-1111"]
2019-04-07 09:59:08,061 -- Starting service [Tomcat]
2019-04-07 09:59:08,061 -- Starting Servlet engine: [Apache Tomcat/9.0.16]
2019-04-07 09:59:08,062 -- An older version [1.2.14] of the APR based Apache Tomcat Native library is installed, while Tomcat recommends a minimum version of [1.2.21]
2019-04-07 09:59:08,062 -- Loaded APR based Apache Tomcat Native library [1.2.14] using APR version [1.6.2].
2019-04-07 09:59:08,062 -- APR capabilities: IPv6 [true], sendfile [true], accept filters [false], random [true].
2019-04-07 09:59:08,062 -- APR/OpenSSL configuration: useAprConnector [false], useOpenSSL [true]
2019-04-07 09:59:08,063 -- OpenSSL successfully initialized [OpenSSL 1.0.2l  25 May 2017]
2019-04-07 09:59:08,107 -- Initializing Spring embedded WebApplicationContext
2019-04-07 09:59:08,108 -- Root WebApplicationContext: initialization completed in 3960 ms
2019-04-07 09:59:08,176 -- Init DruidDataSource
2019-04-07 09:59:08,257 -- {dataSource-4} inited
2019-04-07 09:59:08,449 -- Initializing ExecutorService 'applicationTaskExecutor'
2019-04-07 09:59:08,492 -- Adding welcome page: class path resource [static/index.html]
2019-04-07 09:59:08,723 -- LiveReload server is running on port 35729
2019-04-07 09:59:08,728 -- Exposing 2 endpoint(s) beneath base path '/actuator'
2019-04-07 09:59:08,767 -- Starting ProtocolHandler ["http-nio-1111"]
2019-04-07 09:59:08,773 -- Tomcat started on port(s): 1111 (http) with context path ''
2019-04-07 09:59:08,773 -- Started DemoApplication in 4.712 seconds (JVM running for 277.092)
2019-04-07 09:59:08,778 -- Condition evaluation unchanged
2019-04-07 09:59:12,215 -- Initializing Spring DispatcherServlet 'dispatcherServlet'
2019-04-07 09:59:12,216 -- Initializing Servlet 'dispatcherServlet'
2019-04-07 09:59:12,221 -- Completed initialization in 5 ms
