2019-04-14 16:33:43,694 -- Starting DemoApplication on i with PID 19948 (E:\workspace\java\devops\target\classes started by jzz in e:\workspace\java\devops)
2019-04-14 16:33:43,700 -- No active profile set, falling back to default profiles: default
2019-04-14 16:33:43,798 -- Devtools property defaults active! Set 'spring.devtools.add-properties' to 'false' to disable
2019-04-14 16:33:43,799 -- For additional web related logging consider setting the 'logging.level.web' property to 'DEBUG'
2019-04-14 16:33:49,038 -- Bean 'org.springframework.transaction.annotation.ProxyTransactionManagementConfiguration' of type [org.springframework.transaction.annotation.ProxyTransactionManagementConfiguration$$EnhancerBySpringCGLIB$$26e34292] is not eligible for getting processed by all BeanPostProcessors (for example: not eligible for auto-proxying)
2019-04-14 16:33:49,793 -- Tomcat initialized with port(s): 1111 (http)
2019-04-14 16:33:49,816 -- Initializing ProtocolHandler ["http-nio-1111"]
2019-04-14 16:33:49,835 -- Starting service [Tomcat]
2019-04-14 16:33:49,836 -- Starting Servlet engine: [Apache Tomcat/9.0.16]
2019-04-14 16:33:49,854 -- The APR based Apache Tomcat Native library which allows optimal performance in production environments was not found on the java.library.path: [D:\Java\jdk1.8.0_131\bin;C:\WINDOWS\Sun\Java\bin;C:\WINDOWS\system32;C:\WINDOWS;D:\app\jzz\product\11.2.0\client_1;D:\oraclexe\app\oracle\product\11.2.0\server\bin;C:\ProgramData\Oracle\Java\javapath\;C:\Program Files (x86)\NVIDIA Corporation\PhysX\Common;F:\no-know\apache-maven-3.3.9\bin;E:\redisCorrelation\redis;F:\TortoiseGit\bin;F:\Git\cmd;D:\Java\jdk1.8.0_131\bin;D:\Java\jdk1.8.0_131\jre\bin;E:\myapp\Sencha\Cmd;C:\Windows\System32;C:\WINDOWS;E:\mongDB\mongodb-win32-x86_64-2008plus-ssl-3.4.8\bin;C:\WINDOWS\system32\wbem;C:\WINDOWS\system32;C:\WINDOWS\System32\Wbem;C:\WINDOWS\System32\WindowsPowerShell\v1.0\;C:\WINDOWS\System32\OpenSSH\;C:\Program Files (x86)\Microsoft SQL Server\Client SDK\ODBC\130\Tools\Binn\;C:\Program Files (x86)\Microsoft SQL Server\140\Tools\Binn\;C:\Program Files (x86)\Microsoft SQL Server\140\DTS\Binn\;C:\Program Files (x86)\Microsoft SQL Server\140\Tools\Binn\ManagementStudio\;C:\Program Files\Microsoft SQL Server\Client SDK\ODBC\130\Tools\Binn\;C:\Program Files\Microsoft SQL Server\140\Tools\Binn\;C:\Program Files\Microsoft SQL Server\140\DTS\Binn\;E:\Program Files\erl10.2\bin;E:\Program Files\RabbitMQ Server\rabbitmq_server-3.7.12\sbin;E:\Program Files\nodejs\;C:\Users\jzz\AppData\Local\Programs\Python\Python36-32\Scripts\;C:\Users\jzz\AppData\Local\Programs\Python\Python36-32\;C:\Users\jzz\AppData\Local\Microsoft\WindowsApps;E:\SSH Secu;C:\Users\jzz\AppData\Roaming\npm;E:\Users\jzz\AppData\Local\Programs\Microsoft VS Code\bin;C:\Users\jzz\AppData\Local\BypassRuntm;.]
2019-04-14 16:33:50,017 -- Initializing Spring embedded WebApplicationContext
2019-04-14 16:33:50,018 -- Root WebApplicationContext: initialization completed in 6218 ms
2019-04-14 16:33:50,333 -- Init DruidDataSource
2019-04-14 16:33:50,926 -- {dataSource-1} inited
2019-04-14 16:33:51,844 -- Initializing ExecutorService 'applicationTaskExecutor'
2019-04-14 16:33:52,064 -- Adding welcome page: class path resource [static/index.html]
2019-04-14 16:33:52,569 -- Unable to start LiveReload server
2019-04-14 16:33:52,590 -- Exposing 2 endpoint(s) beneath base path '/actuator'
2019-04-14 16:33:52,707 -- Starting ProtocolHandler ["http-nio-1111"]
2019-04-14 16:33:52,761 -- Tomcat started on port(s): 1111 (http) with context path ''
2019-04-14 16:33:52,766 -- Started DemoApplication in 9.601 seconds (JVM running for 10.537)
2019-04-14 16:34:31,084 -- Initializing Spring DispatcherServlet 'dispatcherServlet'
2019-04-14 16:34:31,085 -- Initializing Servlet 'dispatcherServlet'
2019-04-14 16:34:31,097 -- Completed initialization in 12 ms
