2019-04-06 09:03:01,257 -- Shutting down ExecutorService 'applicationTaskExecutor'
2019-04-06 09:03:01,261 -- {dataSource-12} closed
2019-04-06 09:03:01,728 -- Starting DemoApplication on RuoFeng945 with PID 19656 (D:\Workspace\java\repository\fighter\template\devops\target\classes started by Administrator in d:\Workspace\java\repository\fighter\template\devops)
2019-04-06 09:03:01,728 -- No active profile set, falling back to default profiles: default
2019-04-06 09:03:05,417 -- Bean 'org.springframework.transaction.annotation.ProxyTransactionManagementConfiguration' of type [org.springframework.transaction.annotation.ProxyTransactionManagementConfiguration$$EnhancerBySpringCGLIB$$c266af40] is not eligible for getting processed by all BeanPostProcessors (for example: not eligible for auto-proxying)
2019-04-06 09:03:05,600 -- Tomcat initialized with port(s): 1111 (http)
2019-04-06 09:03:05,603 -- Initializing ProtocolHandler ["http-nio-1111"]
2019-04-06 09:03:05,604 -- Starting service [Tomcat]
2019-04-06 09:03:05,604 -- Starting Servlet engine: [Apache Tomcat/9.0.16]
2019-04-06 09:03:05,605 -- An older version [1.2.14] of the APR based Apache Tomcat Native library is installed, while Tomcat recommends a minimum version of [1.2.21]
2019-04-06 09:03:05,605 -- Loaded APR based Apache Tomcat Native library [1.2.14] using APR version [1.6.2].
2019-04-06 09:03:05,605 -- APR capabilities: IPv6 [true], sendfile [true], accept filters [false], random [true].
2019-04-06 09:03:05,606 -- APR/OpenSSL configuration: useAprConnector [false], useOpenSSL [true]
2019-04-06 09:03:05,607 -- OpenSSL successfully initialized [OpenSSL 1.0.2l  25 May 2017]
2019-04-06 09:03:05,652 -- Initializing Spring embedded WebApplicationContext
2019-04-06 09:03:05,653 -- Root WebApplicationContext: initialization completed in 3920 ms
2019-04-06 09:03:05,722 -- Init DruidDataSource
2019-04-06 09:03:05,818 -- {dataSource-13} inited
2019-04-06 09:03:06,028 -- Initializing ExecutorService 'applicationTaskExecutor'
2019-04-06 09:03:06,071 -- Adding welcome page: class path resource [static/index.html]
2019-04-06 09:03:06,320 -- LiveReload server is running on port 35729
2019-04-06 09:03:06,326 -- Exposing 2 endpoint(s) beneath base path '/actuator'
2019-04-06 09:03:06,361 -- Starting ProtocolHandler ["http-nio-1111"]
2019-04-06 09:03:06,366 -- Tomcat started on port(s): 1111 (http) with context path ''
2019-04-06 09:03:06,367 -- Started DemoApplication in 4.702 seconds (JVM running for 37955.757)
2019-04-06 09:03:06,370 -- Condition evaluation unchanged
2019-04-06 09:03:09,942 -- Initializing Spring DispatcherServlet 'dispatcherServlet'
2019-04-06 09:03:09,944 -- Initializing Servlet 'dispatcherServlet'
2019-04-06 09:03:09,949 -- Completed initialization in 5 ms
2019-04-06 09:05:30,910 -- Shutting down ExecutorService 'applicationTaskExecutor'
2019-04-06 09:05:30,914 -- {dataSource-13} closed
2019-04-06 09:05:31,708 -- Starting DemoApplication on RuoFeng945 with PID 19656 (D:\Workspace\java\repository\fighter\template\devops\target\classes started by Administrator in d:\Workspace\java\repository\fighter\template\devops)
2019-04-06 09:05:31,709 -- No active profile set, falling back to default profiles: default
2019-04-06 09:05:34,746 -- Bean 'org.springframework.transaction.annotation.ProxyTransactionManagementConfiguration' of type [org.springframework.transaction.annotation.ProxyTransactionManagementConfiguration$$EnhancerBySpringCGLIB$$c266af40] is not eligible for getting processed by all BeanPostProcessors (for example: not eligible for auto-proxying)
2019-04-06 09:05:34,888 -- Tomcat initialized with port(s): 1111 (http)
2019-04-06 09:05:34,890 -- Initializing ProtocolHandler ["http-nio-1111"]
2019-04-06 09:05:34,890 -- Starting service [Tomcat]
2019-04-06 09:05:34,891 -- Starting Servlet engine: [Apache Tomcat/9.0.16]
2019-04-06 09:05:34,891 -- An older version [1.2.14] of the APR based Apache Tomcat Native library is installed, while Tomcat recommends a minimum version of [1.2.21]
2019-04-06 09:05:34,892 -- Loaded APR based Apache Tomcat Native library [1.2.14] using APR version [1.6.2].
2019-04-06 09:05:34,892 -- APR capabilities: IPv6 [true], sendfile [true], accept filters [false], random [true].
2019-04-06 09:05:34,892 -- APR/OpenSSL configuration: useAprConnector [false], useOpenSSL [true]
2019-04-06 09:05:34,893 -- OpenSSL successfully initialized [OpenSSL 1.0.2l  25 May 2017]
2019-04-06 09:05:34,928 -- Initializing Spring embedded WebApplicationContext
2019-04-06 09:05:34,928 -- Root WebApplicationContext: initialization completed in 3217 ms
2019-04-06 09:05:34,974 -- Init DruidDataSource
2019-04-06 09:05:35,027 -- {dataSource-14} inited
2019-04-06 09:05:35,162 -- Initializing ExecutorService 'applicationTaskExecutor'
2019-04-06 09:05:35,191 -- Adding welcome page: class path resource [static/index.html]
2019-04-06 09:05:35,372 -- LiveReload server is running on port 35729
2019-04-06 09:05:35,376 -- Exposing 2 endpoint(s) beneath base path '/actuator'
2019-04-06 09:05:35,401 -- Starting ProtocolHandler ["http-nio-1111"]
2019-04-06 09:05:35,405 -- Tomcat started on port(s): 1111 (http) with context path ''
2019-04-06 09:05:35,406 -- Started DemoApplication in 3.743 seconds (JVM running for 38104.796)
2019-04-06 09:05:35,409 -- Condition evaluation unchanged
2019-04-06 09:05:38,302 -- Initializing Spring DispatcherServlet 'dispatcherServlet'
2019-04-06 09:05:38,303 -- Initializing Servlet 'dispatcherServlet'
2019-04-06 09:05:38,307 -- Completed initialization in 4 ms
2019-04-06 09:31:47,609 -- Shutting down ExecutorService 'applicationTaskExecutor'
2019-04-06 09:31:47,612 -- {dataSource-14} closed
2019-04-06 09:31:48,171 -- Starting DemoApplication on RuoFeng945 with PID 19656 (D:\Workspace\java\repository\fighter\template\devops\target\classes started by Administrator in d:\Workspace\java\repository\fighter\template\devops)
2019-04-06 09:31:48,172 -- No active profile set, falling back to default profiles: default
2019-04-06 09:31:51,747 -- Bean 'org.springframework.transaction.annotation.ProxyTransactionManagementConfiguration' of type [org.springframework.transaction.annotation.ProxyTransactionManagementConfiguration$$EnhancerBySpringCGLIB$$c266af40] is not eligible for getting processed by all BeanPostProcessors (for example: not eligible for auto-proxying)
2019-04-06 09:31:51,911 -- Tomcat initialized with port(s): 1111 (http)
2019-04-06 09:31:51,913 -- Initializing ProtocolHandler ["http-nio-1111"]
2019-04-06 09:31:51,914 -- Starting service [Tomcat]
2019-04-06 09:31:51,915 -- Starting Servlet engine: [Apache Tomcat/9.0.16]
2019-04-06 09:31:51,915 -- An older version [1.2.14] of the APR based Apache Tomcat Native library is installed, while Tomcat recommends a minimum version of [1.2.21]
2019-04-06 09:31:51,916 -- Loaded APR based Apache Tomcat Native library [1.2.14] using APR version [1.6.2].
2019-04-06 09:31:51,916 -- APR capabilities: IPv6 [true], sendfile [true], accept filters [false], random [true].
2019-04-06 09:31:51,916 -- APR/OpenSSL configuration: useAprConnector [false], useOpenSSL [true]
2019-04-06 09:31:51,917 -- OpenSSL successfully initialized [OpenSSL 1.0.2l  25 May 2017]
2019-04-06 09:31:51,958 -- Initializing Spring embedded WebApplicationContext
2019-04-06 09:31:51,959 -- Root WebApplicationContext: initialization completed in 3784 ms
2019-04-06 09:31:52,013 -- Init DruidDataSource
2019-04-06 09:31:52,077 -- {dataSource-15} inited
2019-04-06 09:31:52,244 -- Initializing ExecutorService 'applicationTaskExecutor'
2019-04-06 09:31:52,280 -- Adding welcome page: class path resource [static/index.html]
2019-04-06 09:31:52,489 -- LiveReload server is running on port 35729
2019-04-06 09:31:52,494 -- Exposing 2 endpoint(s) beneath base path '/actuator'
2019-04-06 09:31:52,525 -- Starting ProtocolHandler ["http-nio-1111"]
2019-04-06 09:31:52,530 -- Tomcat started on port(s): 1111 (http) with context path ''
2019-04-06 09:31:52,530 -- Started DemoApplication in 4.423 seconds (JVM running for 39681.92)
2019-04-06 09:31:52,534 -- Condition evaluation unchanged
2019-04-06 09:31:52,593 -- Initializing Spring DispatcherServlet 'dispatcherServlet'
2019-04-06 09:31:52,594 -- Initializing Servlet 'dispatcherServlet'
2019-04-06 09:31:52,598 -- Completed initialization in 4 ms
