2019-04-06 11:41:30,695 -- Shutting down ExecutorService 'applicationTaskExecutor'
2019-04-06 11:41:30,700 -- {dataSource-15} closed
2019-04-06 11:41:31,236 -- Starting DemoApplication on RuoFeng945 with PID 19656 (D:\Workspace\java\repository\fighter\template\devops\target\classes started by Administrator in d:\Workspace\java\repository\fighter\template\devops)
2019-04-06 11:41:31,237 -- No active profile set, falling back to default profiles: default
2019-04-06 11:41:34,245 -- Bean 'org.springframework.transaction.annotation.ProxyTransactionManagementConfiguration' of type [org.springframework.transaction.annotation.ProxyTransactionManagementConfiguration$$EnhancerBySpringCGLIB$$c266af40] is not eligible for getting processed by all BeanPostProcessors (for example: not eligible for auto-proxying)
2019-04-06 11:41:34,384 -- Tomcat initialized with port(s): 1111 (http)
2019-04-06 11:41:34,386 -- Initializing ProtocolHandler ["http-nio-1111"]
2019-04-06 11:41:34,387 -- Starting service [Tomcat]
2019-04-06 11:41:34,387 -- Starting Servlet engine: [Apache Tomcat/9.0.16]
2019-04-06 11:41:34,388 -- An older version [1.2.14] of the APR based Apache Tomcat Native library is installed, while Tomcat recommends a minimum version of [1.2.21]
2019-04-06 11:41:34,388 -- Loaded APR based Apache Tomcat Native library [1.2.14] using APR version [1.6.2].
2019-04-06 11:41:34,388 -- APR capabilities: IPv6 [true], sendfile [true], accept filters [false], random [true].
2019-04-06 11:41:34,388 -- APR/OpenSSL configuration: useAprConnector [false], useOpenSSL [true]
2019-04-06 11:41:34,389 -- OpenSSL successfully initialized [OpenSSL 1.0.2l  25 May 2017]
2019-04-06 11:41:34,423 -- Initializing Spring embedded WebApplicationContext
2019-04-06 11:41:34,423 -- Root WebApplicationContext: initialization completed in 3184 ms
2019-04-06 11:41:34,468 -- Init DruidDataSource
2019-04-06 11:41:34,521 -- {dataSource-16} inited
2019-04-06 11:41:34,665 -- Initializing ExecutorService 'applicationTaskExecutor'
2019-04-06 11:41:34,698 -- Adding welcome page: class path resource [static/index.html]
2019-04-06 11:41:34,882 -- LiveReload server is running on port 35729
2019-04-06 11:41:34,886 -- Exposing 2 endpoint(s) beneath base path '/actuator'
2019-04-06 11:41:34,920 -- Starting ProtocolHandler ["http-nio-1111"]
2019-04-06 11:41:34,925 -- Tomcat started on port(s): 1111 (http) with context path ''
2019-04-06 11:41:34,926 -- Started DemoApplication in 3.733 seconds (JVM running for 47464.315)
2019-04-06 11:41:34,929 -- Condition evaluation unchanged
2019-04-06 11:41:36,547 -- Initializing Spring DispatcherServlet 'dispatcherServlet'
2019-04-06 11:41:36,549 -- Initializing Servlet 'dispatcherServlet'
2019-04-06 11:41:36,552 -- Completed initialization in 3 ms
