2019-04-13 13:19:58,655 -- Starting DemoApplication on i with PID 2248 (E:\workspace\java\devops\target\classes started by jzz in e:\workspace\java\devops)
2019-04-13 13:19:58,670 -- No active profile set, falling back to default profiles: default
2019-04-13 13:19:58,781 -- Devtools property defaults active! Set 'spring.devtools.add-properties' to 'false' to disable
2019-04-13 13:19:58,781 -- For additional web related logging consider setting the 'logging.level.web' property to 'DEBUG'
2019-04-13 13:20:14,275 -- Bean 'org.springframework.transaction.annotation.ProxyTransactionManagementConfiguration' of type [org.springframework.transaction.annotation.ProxyTransactionManagementConfiguration$$EnhancerBySpringCGLIB$$f075986e] is not eligible for getting processed by all BeanPostProcessors (for example: not eligible for auto-proxying)
2019-04-13 13:20:16,314 -- Tomcat initialized with port(s): 1111 (http)
2019-04-13 13:20:16,380 -- Initializing ProtocolHandler ["http-nio-1111"]
2019-04-13 13:20:16,413 -- Starting service [Tomcat]
2019-04-13 13:20:16,414 -- Starting Servlet engine: [Apache Tomcat/9.0.16]
2019-04-13 13:20:16,470 -- The APR based Apache Tomcat Native library which allows optimal performance in production environments was not found on the java.library.path: [D:\Java\jdk1.8.0_131\bin;C:\WINDOWS\Sun\Java\bin;C:\WINDOWS\system32;C:\WINDOWS;D:\app\jzz\product\11.2.0\client_1;D:\oraclexe\app\oracle\product\11.2.0\server\bin;C:\ProgramData\Oracle\Java\javapath\;C:\Program Files (x86)\NVIDIA Corporation\PhysX\Common;F:\no-know\apache-maven-3.3.9\bin;E:\redisCorrelation\redis;F:\TortoiseGit\bin;F:\Git\cmd;D:\Java\jdk1.8.0_131\bin;D:\Java\jdk1.8.0_131\jre\bin;E:\myapp\Sencha\Cmd;C:\Windows\System32;C:\WINDOWS;E:\mongDB\mongodb-win32-x86_64-2008plus-ssl-3.4.8\bin;C:\WINDOWS\system32\wbem;C:\WINDOWS\system32;C:\WINDOWS\System32\Wbem;C:\WINDOWS\System32\WindowsPowerShell\v1.0\;C:\WINDOWS\System32\OpenSSH\;C:\Program Files (x86)\Microsoft SQL Server\Client SDK\ODBC\130\Tools\Binn\;C:\Program Files (x86)\Microsoft SQL Server\140\Tools\Binn\;C:\Program Files (x86)\Microsoft SQL Server\140\DTS\Binn\;C:\Program Files (x86)\Microsoft SQL Server\140\Tools\Binn\ManagementStudio\;C:\Program Files\Microsoft SQL Server\Client SDK\ODBC\130\Tools\Binn\;C:\Program Files\Microsoft SQL Server\140\Tools\Binn\;C:\Program Files\Microsoft SQL Server\140\DTS\Binn\;E:\Program Files\erl10.2\bin;E:\Program Files\RabbitMQ Server\rabbitmq_server-3.7.12\sbin;E:\Program Files\nodejs\;C:\Users\jzz\AppData\Local\Programs\Python\Python36-32\Scripts\;C:\Users\jzz\AppData\Local\Programs\Python\Python36-32\;C:\Users\jzz\AppData\Local\Microsoft\WindowsApps;E:\SSH Secu;C:\Users\jzz\AppData\Roaming\npm;E:\Users\jzz\AppData\Local\Programs\Microsoft VS Code\bin;C:\Users\jzz\AppData\Local\BypassRuntm;.]
2019-04-13 13:20:16,848 -- Initializing Spring embedded WebApplicationContext
2019-04-13 13:20:16,849 -- Root WebApplicationContext: initialization completed in 18066 ms
2019-04-13 13:20:17,612 -- Init DruidDataSource
2019-04-13 13:20:18,709 -- {dataSource-1} inited
2019-04-13 13:20:21,007 -- Initializing ExecutorService 'applicationTaskExecutor'
2019-04-13 13:20:21,613 -- Adding welcome page: class path resource [static/index.html]
2019-04-13 13:20:22,640 -- LiveReload server is running on port 35729
2019-04-13 13:20:22,664 -- Exposing 2 endpoint(s) beneath base path '/actuator'
2019-04-13 13:20:22,833 -- Starting ProtocolHandler ["http-nio-1111"]
2019-04-13 13:20:22,945 -- Tomcat started on port(s): 1111 (http) with context path ''
2019-04-13 13:20:23,055 -- Started DemoApplication in 25.282 seconds (JVM running for 27.831)
2019-04-13 13:21:15,133 -- Starting DemoApplication on i with PID 11808 (E:\workspace\java\devops\target\classes started by jzz in e:\workspace\java\devops)
2019-04-13 13:21:15,139 -- No active profile set, falling back to default profiles: default
2019-04-13 13:21:15,218 -- Devtools property defaults active! Set 'spring.devtools.add-properties' to 'false' to disable
2019-04-13 13:21:15,219 -- For additional web related logging consider setting the 'logging.level.web' property to 'DEBUG'
2019-04-13 13:21:21,950 -- Bean 'org.springframework.transaction.annotation.ProxyTransactionManagementConfiguration' of type [org.springframework.transaction.annotation.ProxyTransactionManagementConfiguration$$EnhancerBySpringCGLIB$$b8542ef4] is not eligible for getting processed by all BeanPostProcessors (for example: not eligible for auto-proxying)
2019-04-13 13:21:22,984 -- Tomcat initialized with port(s): 1111 (http)
2019-04-13 13:21:23,012 -- Initializing ProtocolHandler ["http-nio-1111"]
2019-04-13 13:21:23,031 -- Starting service [Tomcat]
2019-04-13 13:21:23,031 -- Starting Servlet engine: [Apache Tomcat/9.0.16]
2019-04-13 13:21:23,046 -- The APR based Apache Tomcat Native library which allows optimal performance in production environments was not found on the java.library.path: [D:\Java\jdk1.8.0_131\bin;C:\WINDOWS\Sun\Java\bin;C:\WINDOWS\system32;C:\WINDOWS;D:\app\jzz\product\11.2.0\client_1;D:\oraclexe\app\oracle\product\11.2.0\server\bin;C:\ProgramData\Oracle\Java\javapath\;C:\Program Files (x86)\NVIDIA Corporation\PhysX\Common;F:\no-know\apache-maven-3.3.9\bin;E:\redisCorrelation\redis;F:\TortoiseGit\bin;F:\Git\cmd;D:\Java\jdk1.8.0_131\bin;D:\Java\jdk1.8.0_131\jre\bin;E:\myapp\Sencha\Cmd;C:\Windows\System32;C:\WINDOWS;E:\mongDB\mongodb-win32-x86_64-2008plus-ssl-3.4.8\bin;C:\WINDOWS\system32\wbem;C:\WINDOWS\system32;C:\WINDOWS\System32\Wbem;C:\WINDOWS\System32\WindowsPowerShell\v1.0\;C:\WINDOWS\System32\OpenSSH\;C:\Program Files (x86)\Microsoft SQL Server\Client SDK\ODBC\130\Tools\Binn\;C:\Program Files (x86)\Microsoft SQL Server\140\Tools\Binn\;C:\Program Files (x86)\Microsoft SQL Server\140\DTS\Binn\;C:\Program Files (x86)\Microsoft SQL Server\140\Tools\Binn\ManagementStudio\;C:\Program Files\Microsoft SQL Server\Client SDK\ODBC\130\Tools\Binn\;C:\Program Files\Microsoft SQL Server\140\Tools\Binn\;C:\Program Files\Microsoft SQL Server\140\DTS\Binn\;E:\Program Files\erl10.2\bin;E:\Program Files\RabbitMQ Server\rabbitmq_server-3.7.12\sbin;E:\Program Files\nodejs\;C:\Users\jzz\AppData\Local\Programs\Python\Python36-32\Scripts\;C:\Users\jzz\AppData\Local\Programs\Python\Python36-32\;C:\Users\jzz\AppData\Local\Microsoft\WindowsApps;E:\SSH Secu;C:\Users\jzz\AppData\Roaming\npm;E:\Users\jzz\AppData\Local\Programs\Microsoft VS Code\bin;C:\Users\jzz\AppData\Local\BypassRuntm;.]
2019-04-13 13:21:23,237 -- Initializing Spring embedded WebApplicationContext
2019-04-13 13:21:23,237 -- Root WebApplicationContext: initialization completed in 8017 ms
2019-04-13 13:21:23,538 -- Init DruidDataSource
2019-04-13 13:21:24,261 -- {dataSource-1} inited
2019-04-13 13:21:25,077 -- Initializing ExecutorService 'applicationTaskExecutor'
2019-04-13 13:21:25,299 -- Adding welcome page: class path resource [static/index.html]
2019-04-13 13:21:25,807 -- LiveReload server is running on port 35729
2019-04-13 13:21:25,825 -- Exposing 2 endpoint(s) beneath base path '/actuator'
2019-04-13 13:21:25,908 -- Starting ProtocolHandler ["http-nio-1111"]
2019-04-13 13:21:25,965 -- Tomcat started on port(s): 1111 (http) with context path ''
2019-04-13 13:21:25,974 -- Started DemoApplication in 11.317 seconds (JVM running for 12.289)
2019-04-13 13:22:53,835 -- Starting DemoApplication on i with PID 20084 (E:\workspace\java\devops\target\classes started by jzz in e:\workspace\java\devops)
2019-04-13 13:22:53,841 -- No active profile set, falling back to default profiles: default
2019-04-13 13:22:53,928 -- Devtools property defaults active! Set 'spring.devtools.add-properties' to 'false' to disable
2019-04-13 13:22:53,929 -- For additional web related logging consider setting the 'logging.level.web' property to 'DEBUG'
2019-04-13 13:23:00,630 -- Bean 'org.springframework.transaction.annotation.ProxyTransactionManagementConfiguration' of type [org.springframework.transaction.annotation.ProxyTransactionManagementConfiguration$$EnhancerBySpringCGLIB$$f8103f59] is not eligible for getting processed by all BeanPostProcessors (for example: not eligible for auto-proxying)
2019-04-13 13:23:01,668 -- Tomcat initialized with port(s): 1111 (http)
2019-04-13 13:23:01,687 -- Initializing ProtocolHandler ["http-nio-1111"]
2019-04-13 13:23:01,702 -- Starting service [Tomcat]
2019-04-13 13:23:01,703 -- Starting Servlet engine: [Apache Tomcat/9.0.16]
2019-04-13 13:23:01,719 -- The APR based Apache Tomcat Native library which allows optimal performance in production environments was not found on the java.library.path: [D:\Java\jdk1.8.0_131\bin;C:\WINDOWS\Sun\Java\bin;C:\WINDOWS\system32;C:\WINDOWS;D:\app\jzz\product\11.2.0\client_1;D:\oraclexe\app\oracle\product\11.2.0\server\bin;C:\ProgramData\Oracle\Java\javapath\;C:\Program Files (x86)\NVIDIA Corporation\PhysX\Common;F:\no-know\apache-maven-3.3.9\bin;E:\redisCorrelation\redis;F:\TortoiseGit\bin;F:\Git\cmd;D:\Java\jdk1.8.0_131\bin;D:\Java\jdk1.8.0_131\jre\bin;E:\myapp\Sencha\Cmd;C:\Windows\System32;C:\WINDOWS;E:\mongDB\mongodb-win32-x86_64-2008plus-ssl-3.4.8\bin;C:\WINDOWS\system32\wbem;C:\WINDOWS\system32;C:\WINDOWS\System32\Wbem;C:\WINDOWS\System32\WindowsPowerShell\v1.0\;C:\WINDOWS\System32\OpenSSH\;C:\Program Files (x86)\Microsoft SQL Server\Client SDK\ODBC\130\Tools\Binn\;C:\Program Files (x86)\Microsoft SQL Server\140\Tools\Binn\;C:\Program Files (x86)\Microsoft SQL Server\140\DTS\Binn\;C:\Program Files (x86)\Microsoft SQL Server\140\Tools\Binn\ManagementStudio\;C:\Program Files\Microsoft SQL Server\Client SDK\ODBC\130\Tools\Binn\;C:\Program Files\Microsoft SQL Server\140\Tools\Binn\;C:\Program Files\Microsoft SQL Server\140\DTS\Binn\;E:\Program Files\erl10.2\bin;E:\Program Files\RabbitMQ Server\rabbitmq_server-3.7.12\sbin;E:\Program Files\nodejs\;C:\Users\jzz\AppData\Local\Programs\Python\Python36-32\Scripts\;C:\Users\jzz\AppData\Local\Programs\Python\Python36-32\;C:\Users\jzz\AppData\Local\Microsoft\WindowsApps;E:\SSH Secu;C:\Users\jzz\AppData\Roaming\npm;E:\Users\jzz\AppData\Local\Programs\Microsoft VS Code\bin;C:\Users\jzz\AppData\Local\BypassRuntm;.]
2019-04-13 13:23:01,969 -- Initializing Spring embedded WebApplicationContext
2019-04-13 13:23:01,970 -- Root WebApplicationContext: initialization completed in 8040 ms
2019-04-13 13:23:02,357 -- Init DruidDataSource
2019-04-13 13:23:03,308 -- {dataSource-1} inited
2019-04-13 13:23:04,134 -- Initializing ExecutorService 'applicationTaskExecutor'
2019-04-13 13:23:04,367 -- Adding welcome page: class path resource [static/index.html]
2019-04-13 13:23:04,870 -- LiveReload server is running on port 35729
2019-04-13 13:23:04,884 -- Exposing 2 endpoint(s) beneath base path '/actuator'
2019-04-13 13:23:04,967 -- Starting ProtocolHandler ["http-nio-1111"]
2019-04-13 13:23:05,018 -- Tomcat started on port(s): 1111 (http) with context path ''
2019-04-13 13:23:05,022 -- Started DemoApplication in 11.756 seconds (JVM running for 12.71)
2019-04-13 13:23:22,296 -- Initializing Spring DispatcherServlet 'dispatcherServlet'
2019-04-13 13:23:22,296 -- Initializing Servlet 'dispatcherServlet'
2019-04-13 13:23:22,310 -- Completed initialization in 13 ms
2019-04-13 13:44:16,707 -- Starting DemoApplication on i with PID 340 (E:\workspace\java\devops\target\classes started by jzz in e:\workspace\java\devops)
2019-04-13 13:44:16,712 -- No active profile set, falling back to default profiles: default
2019-04-13 13:44:16,831 -- Devtools property defaults active! Set 'spring.devtools.add-properties' to 'false' to disable
2019-04-13 13:44:16,832 -- For additional web related logging consider setting the 'logging.level.web' property to 'DEBUG'
2019-04-13 13:44:23,888 -- Bean 'org.springframework.transaction.annotation.ProxyTransactionManagementConfiguration' of type [org.springframework.transaction.annotation.ProxyTransactionManagementConfiguration$$EnhancerBySpringCGLIB$$942e28ef] is not eligible for getting processed by all BeanPostProcessors (for example: not eligible for auto-proxying)
2019-04-13 13:44:25,324 -- Tomcat initialized with port(s): 1111 (http)
2019-04-13 13:44:25,361 -- Initializing ProtocolHandler ["http-nio-1111"]
2019-04-13 13:44:25,395 -- Starting service [Tomcat]
2019-04-13 13:44:25,396 -- Starting Servlet engine: [Apache Tomcat/9.0.16]
2019-04-13 13:44:25,423 -- The APR based Apache Tomcat Native library which allows optimal performance in production environments was not found on the java.library.path: [D:\Java\jdk1.8.0_131\bin;C:\WINDOWS\Sun\Java\bin;C:\WINDOWS\system32;C:\WINDOWS;D:\app\jzz\product\11.2.0\client_1;D:\oraclexe\app\oracle\product\11.2.0\server\bin;C:\ProgramData\Oracle\Java\javapath\;C:\Program Files (x86)\NVIDIA Corporation\PhysX\Common;F:\no-know\apache-maven-3.3.9\bin;E:\redisCorrelation\redis;F:\TortoiseGit\bin;F:\Git\cmd;D:\Java\jdk1.8.0_131\bin;D:\Java\jdk1.8.0_131\jre\bin;E:\myapp\Sencha\Cmd;C:\Windows\System32;C:\WINDOWS;E:\mongDB\mongodb-win32-x86_64-2008plus-ssl-3.4.8\bin;C:\WINDOWS\system32\wbem;C:\WINDOWS\system32;C:\WINDOWS\System32\Wbem;C:\WINDOWS\System32\WindowsPowerShell\v1.0\;C:\WINDOWS\System32\OpenSSH\;C:\Program Files (x86)\Microsoft SQL Server\Client SDK\ODBC\130\Tools\Binn\;C:\Program Files (x86)\Microsoft SQL Server\140\Tools\Binn\;C:\Program Files (x86)\Microsoft SQL Server\140\DTS\Binn\;C:\Program Files (x86)\Microsoft SQL Server\140\Tools\Binn\ManagementStudio\;C:\Program Files\Microsoft SQL Server\Client SDK\ODBC\130\Tools\Binn\;C:\Program Files\Microsoft SQL Server\140\Tools\Binn\;C:\Program Files\Microsoft SQL Server\140\DTS\Binn\;E:\Program Files\erl10.2\bin;E:\Program Files\RabbitMQ Server\rabbitmq_server-3.7.12\sbin;E:\Program Files\nodejs\;C:\Users\jzz\AppData\Local\Programs\Python\Python36-32\Scripts\;C:\Users\jzz\AppData\Local\Programs\Python\Python36-32\;C:\Users\jzz\AppData\Local\Microsoft\WindowsApps;E:\SSH Secu;C:\Users\jzz\AppData\Roaming\npm;E:\Users\jzz\AppData\Local\Programs\Microsoft VS Code\bin;C:\Users\jzz\AppData\Local\BypassRuntm;.]
2019-04-13 13:44:25,864 -- Initializing Spring embedded WebApplicationContext
2019-04-13 13:44:25,867 -- Root WebApplicationContext: initialization completed in 9034 ms
2019-04-13 13:44:26,442 -- Init DruidDataSource
2019-04-13 13:44:27,311 -- {dataSource-1} inited
2019-04-13 13:44:28,397 -- Initializing ExecutorService 'applicationTaskExecutor'
2019-04-13 13:44:28,694 -- Adding welcome page: class path resource [static/index.html]
2019-04-13 13:44:29,570 -- LiveReload server is running on port 35729
2019-04-13 13:44:29,589 -- Exposing 2 endpoint(s) beneath base path '/actuator'
2019-04-13 13:44:29,693 -- Starting ProtocolHandler ["http-nio-1111"]
2019-04-13 13:44:29,807 -- Tomcat started on port(s): 1111 (http) with context path ''
2019-04-13 13:44:29,814 -- Started DemoApplication in 13.714 seconds (JVM running for 14.669)
2019-04-13 13:50:08,516 -- Initializing Spring DispatcherServlet 'dispatcherServlet'
2019-04-13 13:50:08,516 -- Initializing Servlet 'dispatcherServlet'
2019-04-13 13:50:08,528 -- Completed initialization in 11 ms
2019-04-13 13:54:51,015 -- Starting DemoApplication on i with PID 2744 (E:\workspace\java\devops\target\classes started by jzz in e:\workspace\java\devops)
2019-04-13 13:54:51,021 -- No active profile set, falling back to default profiles: default
2019-04-13 13:54:51,097 -- Devtools property defaults active! Set 'spring.devtools.add-properties' to 'false' to disable
2019-04-13 13:54:51,098 -- For additional web related logging consider setting the 'logging.level.web' property to 'DEBUG'
2019-04-13 13:54:57,710 -- Bean 'org.springframework.transaction.annotation.ProxyTransactionManagementConfiguration' of type [org.springframework.transaction.annotation.ProxyTransactionManagementConfiguration$$EnhancerBySpringCGLIB$$bd57dd5a] is not eligible for getting processed by all BeanPostProcessors (for example: not eligible for auto-proxying)
2019-04-13 13:54:58,436 -- Tomcat initialized with port(s): 1111 (http)
2019-04-13 13:54:58,466 -- Initializing ProtocolHandler ["http-nio-1111"]
2019-04-13 13:54:58,492 -- Starting service [Tomcat]
2019-04-13 13:54:58,495 -- Starting Servlet engine: [Apache Tomcat/9.0.16]
2019-04-13 13:54:58,522 -- The APR based Apache Tomcat Native library which allows optimal performance in production environments was not found on the java.library.path: [D:\Java\jdk1.8.0_131\bin;C:\WINDOWS\Sun\Java\bin;C:\WINDOWS\system32;C:\WINDOWS;D:\app\jzz\product\11.2.0\client_1;D:\oraclexe\app\oracle\product\11.2.0\server\bin;C:\ProgramData\Oracle\Java\javapath\;C:\Program Files (x86)\NVIDIA Corporation\PhysX\Common;F:\no-know\apache-maven-3.3.9\bin;E:\redisCorrelation\redis;F:\TortoiseGit\bin;F:\Git\cmd;D:\Java\jdk1.8.0_131\bin;D:\Java\jdk1.8.0_131\jre\bin;E:\myapp\Sencha\Cmd;C:\Windows\System32;C:\WINDOWS;E:\mongDB\mongodb-win32-x86_64-2008plus-ssl-3.4.8\bin;C:\WINDOWS\system32\wbem;C:\WINDOWS\system32;C:\WINDOWS\System32\Wbem;C:\WINDOWS\System32\WindowsPowerShell\v1.0\;C:\WINDOWS\System32\OpenSSH\;C:\Program Files (x86)\Microsoft SQL Server\Client SDK\ODBC\130\Tools\Binn\;C:\Program Files (x86)\Microsoft SQL Server\140\Tools\Binn\;C:\Program Files (x86)\Microsoft SQL Server\140\DTS\Binn\;C:\Program Files (x86)\Microsoft SQL Server\140\Tools\Binn\ManagementStudio\;C:\Program Files\Microsoft SQL Server\Client SDK\ODBC\130\Tools\Binn\;C:\Program Files\Microsoft SQL Server\140\Tools\Binn\;C:\Program Files\Microsoft SQL Server\140\DTS\Binn\;E:\Program Files\erl10.2\bin;E:\Program Files\RabbitMQ Server\rabbitmq_server-3.7.12\sbin;E:\Program Files\nodejs\;C:\Users\jzz\AppData\Local\Programs\Python\Python36-32\Scripts\;C:\Users\jzz\AppData\Local\Programs\Python\Python36-32\;C:\Users\jzz\AppData\Local\Microsoft\WindowsApps;E:\SSH Secu;C:\Users\jzz\AppData\Roaming\npm;E:\Users\jzz\AppData\Local\Programs\Microsoft VS Code\bin;C:\Users\jzz\AppData\Local\BypassRuntm;.]
2019-04-13 13:54:58,718 -- Initializing Spring embedded WebApplicationContext
2019-04-13 13:54:58,718 -- Root WebApplicationContext: initialization completed in 7619 ms
2019-04-13 13:54:59,035 -- Init DruidDataSource
2019-04-13 13:54:59,872 -- {dataSource-1} inited
2019-04-13 13:55:00,741 -- Initializing ExecutorService 'applicationTaskExecutor'
2019-04-13 13:55:01,038 -- Adding welcome page: class path resource [static/index.html]
2019-04-13 13:55:01,504 -- LiveReload server is running on port 35729
2019-04-13 13:55:01,518 -- Exposing 2 endpoint(s) beneath base path '/actuator'
2019-04-13 13:55:01,604 -- Starting ProtocolHandler ["http-nio-1111"]
2019-04-13 13:55:01,653 -- Tomcat started on port(s): 1111 (http) with context path ''
2019-04-13 13:55:01,660 -- Started DemoApplication in 11.345 seconds (JVM running for 12.605)
2019-04-13 13:55:11,732 -- Initializing Spring DispatcherServlet 'dispatcherServlet'
2019-04-13 13:55:11,732 -- Initializing Servlet 'dispatcherServlet'
2019-04-13 13:55:11,754 -- Completed initialization in 21 ms
