2019-04-11 15:38:54,778 -- Starting DemoApplication on i with PID 7600 (E:\workspace\java\devops\target\classes started by jzz in e:\workspace\java\devops)
2019-04-11 15:38:54,783 -- No active profile set, falling back to default profiles: default
2019-04-11 15:38:54,860 -- Devtools property defaults active! Set 'spring.devtools.add-properties' to 'false' to disable
2019-04-11 15:38:54,861 -- For additional web related logging consider setting the 'logging.level.web' property to 'DEBUG'
2019-04-11 15:39:00,964 -- Bean 'org.springframework.transaction.annotation.ProxyTransactionManagementConfiguration' of type [org.springframework.transaction.annotation.ProxyTransactionManagementConfiguration$$EnhancerBySpringCGLIB$$ee4e158] is not eligible for getting processed by all BeanPostProcessors (for example: not eligible for auto-proxying)
2019-04-11 15:39:01,734 -- Tomcat initialized with port(s): 1111 (http)
2019-04-11 15:39:01,756 -- Initializing ProtocolHandler ["http-nio-1111"]
2019-04-11 15:39:01,774 -- Starting service [Tomcat]
2019-04-11 15:39:01,775 -- Starting Servlet engine: [Apache Tomcat/9.0.16]
2019-04-11 15:39:01,790 -- The APR based Apache Tomcat Native library which allows optimal performance in production environments was not found on the java.library.path: [D:\Java\jdk1.8.0_131\bin;C:\WINDOWS\Sun\Java\bin;C:\WINDOWS\system32;C:\WINDOWS;D:\app\jzz\product\11.2.0\client_1;D:\oraclexe\app\oracle\product\11.2.0\server\bin;C:\ProgramData\Oracle\Java\javapath\;C:\Program Files (x86)\NVIDIA Corporation\PhysX\Common;F:\no-know\apache-maven-3.3.9\bin;E:\redisCorrelation\redis;F:\TortoiseGit\bin;F:\Git\cmd;D:\Java\jdk1.8.0_131\bin;D:\Java\jdk1.8.0_131\jre\bin;E:\myapp\Sencha\Cmd;C:\Windows\System32;C:\WINDOWS;E:\mongDB\mongodb-win32-x86_64-2008plus-ssl-3.4.8\bin;C:\WINDOWS\system32\wbem;C:\WINDOWS\system32;C:\WINDOWS\System32\Wbem;C:\WINDOWS\System32\WindowsPowerShell\v1.0\;C:\WINDOWS\System32\OpenSSH\;C:\Program Files (x86)\Microsoft SQL Server\Client SDK\ODBC\130\Tools\Binn\;C:\Program Files (x86)\Microsoft SQL Server\140\Tools\Binn\;C:\Program Files (x86)\Microsoft SQL Server\140\DTS\Binn\;C:\Program Files (x86)\Microsoft SQL Server\140\Tools\Binn\ManagementStudio\;C:\Program Files\Microsoft SQL Server\Client SDK\ODBC\130\Tools\Binn\;C:\Program Files\Microsoft SQL Server\140\Tools\Binn\;C:\Program Files\Microsoft SQL Server\140\DTS\Binn\;E:\Program Files\erl10.2\bin;E:\Program Files\RabbitMQ Server\rabbitmq_server-3.7.12\sbin;E:\Program Files\nodejs\;C:\Users\jzz\AppData\Local\Programs\Python\Python36-32\Scripts\;C:\Users\jzz\AppData\Local\Programs\Python\Python36-32\;C:\Users\jzz\AppData\Local\Microsoft\WindowsApps;E:\SSH Secu;C:\Users\jzz\AppData\Roaming\npm;E:\Users\jzz\AppData\Local\Programs\Microsoft VS Code\bin;C:\Users\jzz\AppData\Local\BypassRuntm;.]
2019-04-11 15:39:01,959 -- Initializing Spring embedded WebApplicationContext
2019-04-11 15:39:01,959 -- Root WebApplicationContext: initialization completed in 7098 ms
2019-04-11 15:39:02,271 -- Init DruidDataSource
2019-04-11 15:39:02,851 -- {dataSource-1} inited
2019-04-11 15:39:03,657 -- Initializing ExecutorService 'applicationTaskExecutor'
2019-04-11 15:39:03,888 -- Adding welcome page: class path resource [static/index.html]
2019-04-11 15:39:04,342 -- Unable to start LiveReload server
2019-04-11 15:39:04,360 -- Exposing 2 endpoint(s) beneath base path '/actuator'
2019-04-11 15:39:04,445 -- Starting ProtocolHandler ["http-nio-1111"]
2019-04-11 15:39:04,490 -- Tomcat started on port(s): 1111 (http) with context path ''
2019-04-11 15:39:04,495 -- Started DemoApplication in 10.182 seconds (JVM running for 10.868)
2019-04-11 15:39:17,804 -- Initializing Spring DispatcherServlet 'dispatcherServlet'
2019-04-11 15:39:17,805 -- Initializing Servlet 'dispatcherServlet'
2019-04-11 15:39:17,860 -- Completed initialization in 55 ms
2019-04-11 15:39:17,975 -- Resolved [org.springframework.web.HttpRequestMethodNotSupportedException: Request method 'GET' not supported]
2019-04-11 15:45:08,383 -- Starting DemoApplication on i with PID 20900 (E:\workspace\java\devops\target\classes started by jzz in e:\workspace\java\devops)
2019-04-11 15:45:08,389 -- No active profile set, falling back to default profiles: default
2019-04-11 15:45:08,483 -- Devtools property defaults active! Set 'spring.devtools.add-properties' to 'false' to disable
2019-04-11 15:45:08,483 -- For additional web related logging consider setting the 'logging.level.web' property to 'DEBUG'
2019-04-11 15:45:15,377 -- Bean 'org.springframework.transaction.annotation.ProxyTransactionManagementConfiguration' of type [org.springframework.transaction.annotation.ProxyTransactionManagementConfiguration$$EnhancerBySpringCGLIB$$20ad2f44] is not eligible for getting processed by all BeanPostProcessors (for example: not eligible for auto-proxying)
2019-04-11 15:45:16,229 -- Tomcat initialized with port(s): 1111 (http)
2019-04-11 15:45:16,251 -- Initializing ProtocolHandler ["http-nio-1111"]
2019-04-11 15:45:16,266 -- Starting service [Tomcat]
2019-04-11 15:45:16,267 -- Starting Servlet engine: [Apache Tomcat/9.0.16]
2019-04-11 15:45:16,285 -- The APR based Apache Tomcat Native library which allows optimal performance in production environments was not found on the java.library.path: [D:\Java\jdk1.8.0_131\bin;C:\WINDOWS\Sun\Java\bin;C:\WINDOWS\system32;C:\WINDOWS;D:\app\jzz\product\11.2.0\client_1;D:\oraclexe\app\oracle\product\11.2.0\server\bin;C:\ProgramData\Oracle\Java\javapath\;C:\Program Files (x86)\NVIDIA Corporation\PhysX\Common;F:\no-know\apache-maven-3.3.9\bin;E:\redisCorrelation\redis;F:\TortoiseGit\bin;F:\Git\cmd;D:\Java\jdk1.8.0_131\bin;D:\Java\jdk1.8.0_131\jre\bin;E:\myapp\Sencha\Cmd;C:\Windows\System32;C:\WINDOWS;E:\mongDB\mongodb-win32-x86_64-2008plus-ssl-3.4.8\bin;C:\WINDOWS\system32\wbem;C:\WINDOWS\system32;C:\WINDOWS\System32\Wbem;C:\WINDOWS\System32\WindowsPowerShell\v1.0\;C:\WINDOWS\System32\OpenSSH\;C:\Program Files (x86)\Microsoft SQL Server\Client SDK\ODBC\130\Tools\Binn\;C:\Program Files (x86)\Microsoft SQL Server\140\Tools\Binn\;C:\Program Files (x86)\Microsoft SQL Server\140\DTS\Binn\;C:\Program Files (x86)\Microsoft SQL Server\140\Tools\Binn\ManagementStudio\;C:\Program Files\Microsoft SQL Server\Client SDK\ODBC\130\Tools\Binn\;C:\Program Files\Microsoft SQL Server\140\Tools\Binn\;C:\Program Files\Microsoft SQL Server\140\DTS\Binn\;E:\Program Files\erl10.2\bin;E:\Program Files\RabbitMQ Server\rabbitmq_server-3.7.12\sbin;E:\Program Files\nodejs\;C:\Users\jzz\AppData\Local\Programs\Python\Python36-32\Scripts\;C:\Users\jzz\AppData\Local\Programs\Python\Python36-32\;C:\Users\jzz\AppData\Local\Microsoft\WindowsApps;E:\SSH Secu;C:\Users\jzz\AppData\Roaming\npm;E:\Users\jzz\AppData\Local\Programs\Microsoft VS Code\bin;C:\Users\jzz\AppData\Local\BypassRuntm;.]
2019-04-11 15:45:16,455 -- Initializing Spring embedded WebApplicationContext
2019-04-11 15:45:16,456 -- Root WebApplicationContext: initialization completed in 7972 ms
2019-04-11 15:45:16,790 -- Init DruidDataSource
2019-04-11 15:45:17,576 -- {dataSource-1} inited
2019-04-11 15:45:18,573 -- Initializing ExecutorService 'applicationTaskExecutor'
2019-04-11 15:45:18,833 -- Adding welcome page: class path resource [static/index.html]
2019-04-11 15:45:19,334 -- Unable to start LiveReload server
2019-04-11 15:45:19,353 -- Exposing 2 endpoint(s) beneath base path '/actuator'
2019-04-11 15:45:19,447 -- Starting ProtocolHandler ["http-nio-1111"]
2019-04-11 15:45:19,504 -- Tomcat started on port(s): 1111 (http) with context path ''
2019-04-11 15:45:19,512 -- Started DemoApplication in 11.685 seconds (JVM running for 12.924)
2019-04-11 15:45:20,025 -- Initializing Spring DispatcherServlet 'dispatcherServlet'
2019-04-11 15:45:20,025 -- Initializing Servlet 'dispatcherServlet'
2019-04-11 15:45:20,039 -- Completed initialization in 13 ms
2019-04-11 15:55:43,377 -- Starting DemoApplication on i with PID 13452 (E:\workspace\java\devops\target\classes started by jzz in e:\workspace\java\devops)
2019-04-11 15:55:43,382 -- No active profile set, falling back to default profiles: default
2019-04-11 15:55:43,446 -- Devtools property defaults active! Set 'spring.devtools.add-properties' to 'false' to disable
2019-04-11 15:55:43,447 -- For additional web related logging consider setting the 'logging.level.web' property to 'DEBUG'
2019-04-11 15:55:50,558 -- Bean 'org.springframework.transaction.annotation.ProxyTransactionManagementConfiguration' of type [org.springframework.transaction.annotation.ProxyTransactionManagementConfiguration$$EnhancerBySpringCGLIB$$15066766] is not eligible for getting processed by all BeanPostProcessors (for example: not eligible for auto-proxying)
2019-04-11 15:55:51,490 -- Tomcat initialized with port(s): 1111 (http)
2019-04-11 15:55:51,514 -- Initializing ProtocolHandler ["http-nio-1111"]
2019-04-11 15:55:51,534 -- Starting service [Tomcat]
2019-04-11 15:55:51,535 -- Starting Servlet engine: [Apache Tomcat/9.0.16]
2019-04-11 15:55:51,555 -- The APR based Apache Tomcat Native library which allows optimal performance in production environments was not found on the java.library.path: [D:\Java\jdk1.8.0_131\bin;C:\WINDOWS\Sun\Java\bin;C:\WINDOWS\system32;C:\WINDOWS;D:\app\jzz\product\11.2.0\client_1;D:\oraclexe\app\oracle\product\11.2.0\server\bin;C:\ProgramData\Oracle\Java\javapath\;C:\Program Files (x86)\NVIDIA Corporation\PhysX\Common;F:\no-know\apache-maven-3.3.9\bin;E:\redisCorrelation\redis;F:\TortoiseGit\bin;F:\Git\cmd;D:\Java\jdk1.8.0_131\bin;D:\Java\jdk1.8.0_131\jre\bin;E:\myapp\Sencha\Cmd;C:\Windows\System32;C:\WINDOWS;E:\mongDB\mongodb-win32-x86_64-2008plus-ssl-3.4.8\bin;C:\WINDOWS\system32\wbem;C:\WINDOWS\system32;C:\WINDOWS\System32\Wbem;C:\WINDOWS\System32\WindowsPowerShell\v1.0\;C:\WINDOWS\System32\OpenSSH\;C:\Program Files (x86)\Microsoft SQL Server\Client SDK\ODBC\130\Tools\Binn\;C:\Program Files (x86)\Microsoft SQL Server\140\Tools\Binn\;C:\Program Files (x86)\Microsoft SQL Server\140\DTS\Binn\;C:\Program Files (x86)\Microsoft SQL Server\140\Tools\Binn\ManagementStudio\;C:\Program Files\Microsoft SQL Server\Client SDK\ODBC\130\Tools\Binn\;C:\Program Files\Microsoft SQL Server\140\Tools\Binn\;C:\Program Files\Microsoft SQL Server\140\DTS\Binn\;E:\Program Files\erl10.2\bin;E:\Program Files\RabbitMQ Server\rabbitmq_server-3.7.12\sbin;E:\Program Files\nodejs\;C:\Users\jzz\AppData\Local\Programs\Python\Python36-32\Scripts\;C:\Users\jzz\AppData\Local\Programs\Python\Python36-32\;C:\Users\jzz\AppData\Local\Microsoft\WindowsApps;E:\SSH Secu;C:\Users\jzz\AppData\Roaming\npm;E:\Users\jzz\AppData\Local\Programs\Microsoft VS Code\bin;C:\Users\jzz\AppData\Local\BypassRuntm;.]
2019-04-11 15:55:51,752 -- Initializing Spring embedded WebApplicationContext
2019-04-11 15:55:51,753 -- Root WebApplicationContext: initialization completed in 8306 ms
2019-04-11 15:55:52,064 -- Init DruidDataSource
2019-04-11 15:55:52,836 -- {dataSource-1} inited
2019-04-11 15:55:53,708 -- Initializing ExecutorService 'applicationTaskExecutor'
2019-04-11 15:55:53,935 -- Adding welcome page: class path resource [static/index.html]
2019-04-11 15:55:54,454 -- LiveReload server is running on port 35729
2019-04-11 15:55:54,474 -- Exposing 2 endpoint(s) beneath base path '/actuator'
2019-04-11 15:55:54,579 -- Starting ProtocolHandler ["http-nio-1111"]
2019-04-11 15:55:54,633 -- Tomcat started on port(s): 1111 (http) with context path ''
2019-04-11 15:55:54,639 -- Started DemoApplication in 11.643 seconds (JVM running for 12.447)
2019-04-11 15:55:56,875 -- Initializing Spring DispatcherServlet 'dispatcherServlet'
2019-04-11 15:55:56,877 -- Initializing Servlet 'dispatcherServlet'
2019-04-11 15:55:56,893 -- Completed initialization in 13 ms
