2019-04-05 00:02:49,711 -- Shutting down ExecutorService 'applicationTaskExecutor'
2019-04-05 00:02:49,721 -- {dataSource-4} closed
2019-04-05 00:02:50,299 -- Starting DemoApplication on RuoFeng945 with PID 24224 (D:\Workspace\java\repository\fighter\template\devops\target\classes started by Administrator in d:\Workspace\java\repository\fighter\template\devops)
2019-04-05 00:02:50,300 -- No active profile set, falling back to default profiles: default
2019-04-05 00:02:54,094 -- Bean 'org.springframework.transaction.annotation.ProxyTransactionManagementConfiguration' of type [org.springframework.transaction.annotation.ProxyTransactionManagementConfiguration$$EnhancerBySpringCGLIB$$bbecb41e] is not eligible for getting processed by all BeanPostProcessors (for example: not eligible for auto-proxying)
2019-04-05 00:02:54,273 -- Tomcat initialized with port(s): 1111 (http)
2019-04-05 00:02:54,276 -- Initializing ProtocolHandler ["http-nio-1111"]
2019-04-05 00:02:54,277 -- Starting service [Tomcat]
2019-04-05 00:02:54,278 -- Starting Servlet engine: [Apache Tomcat/9.0.16]
2019-04-05 00:02:54,278 -- An older version [1.2.14] of the APR based Apache Tomcat Native library is installed, while Tomcat recommends a minimum version of [1.2.21]
2019-04-05 00:02:54,279 -- Loaded APR based Apache Tomcat Native library [1.2.14] using APR version [1.6.2].
2019-04-05 00:02:54,279 -- APR capabilities: IPv6 [true], sendfile [true], accept filters [false], random [true].
2019-04-05 00:02:54,280 -- APR/OpenSSL configuration: useAprConnector [false], useOpenSSL [true]
2019-04-05 00:02:54,281 -- OpenSSL successfully initialized [OpenSSL 1.0.2l  25 May 2017]
2019-04-05 00:02:54,326 -- Initializing Spring embedded WebApplicationContext
2019-04-05 00:02:54,327 -- Root WebApplicationContext: initialization completed in 4023 ms
2019-04-05 00:02:54,395 -- Init DruidDataSource
2019-04-05 00:02:54,471 -- {dataSource-5} inited
2019-04-05 00:02:54,669 -- Initializing ExecutorService 'applicationTaskExecutor'
2019-04-05 00:02:54,708 -- Adding welcome page: class path resource [static/index.html]
2019-04-05 00:02:54,937 -- LiveReload server is running on port 35729
2019-04-05 00:02:54,942 -- Exposing 2 endpoint(s) beneath base path '/actuator'
2019-04-05 00:02:54,977 -- Starting ProtocolHandler ["http-nio-1111"]
2019-04-05 00:02:54,983 -- Tomcat started on port(s): 1111 (http) with context path ''
2019-04-05 00:02:54,983 -- Started DemoApplication in 4.761 seconds (JVM running for 17802.377)
2019-04-05 00:02:54,987 -- Condition evaluation unchanged
2019-04-05 00:02:59,510 -- Initializing Spring DispatcherServlet 'dispatcherServlet'
2019-04-05 00:02:59,511 -- Initializing Servlet 'dispatcherServlet'
2019-04-05 00:02:59,516 -- Completed initialization in 5 ms
