2019-04-08 10:50:13,345 -- Shutting down ExecutorService 'applicationTaskExecutor'
2019-04-08 10:50:13,352 -- {dataSource-1} closed
2019-04-08 10:50:13,711 -- Starting DemoApplication on RuoFeng945 with PID 8356 (D:\Workspace\java\repository\fighter\template\devops\target\classes started by Administrator in d:\Workspace\java\repository\fighter\template\devops)
2019-04-08 10:50:13,711 -- No active profile set, falling back to default profiles: default
2019-04-08 10:50:17,598 -- Bean 'org.springframework.transaction.annotation.ProxyTransactionManagementConfiguration' of type [org.springframework.transaction.annotation.ProxyTransactionManagementConfiguration$$EnhancerBySpringCGLIB$$20e758ab] is not eligible for getting processed by all BeanPostProcessors (for example: not eligible for auto-proxying)
2019-04-08 10:50:17,787 -- Tomcat initialized with port(s): 1111 (http)
2019-04-08 10:50:17,790 -- Initializing ProtocolHandler ["http-nio-1111"]
2019-04-08 10:50:17,791 -- Starting service [Tomcat]
2019-04-08 10:50:17,792 -- Starting Servlet engine: [Apache Tomcat/9.0.16]
2019-04-08 10:50:17,793 -- An older version [1.2.14] of the APR based Apache Tomcat Native library is installed, while Tomcat recommends a minimum version of [1.2.21]
2019-04-08 10:50:17,793 -- Loaded APR based Apache Tomcat Native library [1.2.14] using APR version [1.6.2].
2019-04-08 10:50:17,793 -- APR capabilities: IPv6 [true], sendfile [true], accept filters [false], random [true].
2019-04-08 10:50:17,794 -- APR/OpenSSL configuration: useAprConnector [false], useOpenSSL [true]
2019-04-08 10:50:17,795 -- OpenSSL successfully initialized [OpenSSL 1.0.2l  25 May 2017]
2019-04-08 10:50:17,835 -- Initializing Spring embedded WebApplicationContext
2019-04-08 10:50:17,836 -- Root WebApplicationContext: initialization completed in 4119 ms
2019-04-08 10:50:17,918 -- Init DruidDataSource
2019-04-08 10:50:18,009 -- {dataSource-2} inited
2019-04-08 10:50:18,259 -- Initializing ExecutorService 'applicationTaskExecutor'
2019-04-08 10:50:18,319 -- Adding welcome page: class path resource [static/index.html]
2019-04-08 10:50:18,558 -- LiveReload server is running on port 35729
2019-04-08 10:50:18,564 -- Exposing 2 endpoint(s) beneath base path '/actuator'
2019-04-08 10:50:18,621 -- Starting ProtocolHandler ["http-nio-1111"]
2019-04-08 10:50:18,629 -- Tomcat started on port(s): 1111 (http) with context path ''
2019-04-08 10:50:18,631 -- Started DemoApplication in 5.008 seconds (JVM running for 68470.662)
2019-04-08 10:50:18,639 -- Condition evaluation unchanged
2019-04-08 10:50:19,758 -- Initializing Spring DispatcherServlet 'dispatcherServlet'
2019-04-08 10:50:19,759 -- Initializing Servlet 'dispatcherServlet'
2019-04-08 10:50:19,765 -- Completed initialization in 6 ms
2019-04-08 10:52:13,376 -- Shutting down ExecutorService 'applicationTaskExecutor'
2019-04-08 10:52:13,381 -- {dataSource-2} closed
2019-04-08 10:52:13,897 -- Starting DemoApplication on RuoFeng945 with PID 8356 (D:\Workspace\java\repository\fighter\template\devops\target\classes started by Administrator in d:\Workspace\java\repository\fighter\template\devops)
2019-04-08 10:52:13,898 -- No active profile set, falling back to default profiles: default
2019-04-08 10:52:17,764 -- Bean 'org.springframework.transaction.annotation.ProxyTransactionManagementConfiguration' of type [org.springframework.transaction.annotation.ProxyTransactionManagementConfiguration$$EnhancerBySpringCGLIB$$20e758ab] is not eligible for getting processed by all BeanPostProcessors (for example: not eligible for auto-proxying)
2019-04-08 10:52:17,949 -- Tomcat initialized with port(s): 1111 (http)
2019-04-08 10:52:17,951 -- Initializing ProtocolHandler ["http-nio-1111"]
2019-04-08 10:52:17,953 -- Starting service [Tomcat]
2019-04-08 10:52:17,953 -- Starting Servlet engine: [Apache Tomcat/9.0.16]
2019-04-08 10:52:17,954 -- An older version [1.2.14] of the APR based Apache Tomcat Native library is installed, while Tomcat recommends a minimum version of [1.2.21]
2019-04-08 10:52:17,955 -- Loaded APR based Apache Tomcat Native library [1.2.14] using APR version [1.6.2].
2019-04-08 10:52:17,955 -- APR capabilities: IPv6 [true], sendfile [true], accept filters [false], random [true].
2019-04-08 10:52:17,955 -- APR/OpenSSL configuration: useAprConnector [false], useOpenSSL [true]
2019-04-08 10:52:17,956 -- OpenSSL successfully initialized [OpenSSL 1.0.2l  25 May 2017]
2019-04-08 10:52:17,999 -- Initializing Spring embedded WebApplicationContext
2019-04-08 10:52:18,000 -- Root WebApplicationContext: initialization completed in 4098 ms
2019-04-08 10:52:18,066 -- Init DruidDataSource
2019-04-08 10:52:18,148 -- {dataSource-3} inited
2019-04-08 10:52:18,341 -- Initializing ExecutorService 'applicationTaskExecutor'
2019-04-08 10:52:18,389 -- Adding welcome page: class path resource [static/index.html]
2019-04-08 10:52:18,629 -- LiveReload server is running on port 35729
2019-04-08 10:52:18,634 -- Exposing 2 endpoint(s) beneath base path '/actuator'
2019-04-08 10:52:18,669 -- Starting ProtocolHandler ["http-nio-1111"]
2019-04-08 10:52:18,675 -- Tomcat started on port(s): 1111 (http) with context path ''
2019-04-08 10:52:18,676 -- Started DemoApplication in 4.85 seconds (JVM running for 68590.707)
2019-04-08 10:52:18,680 -- Condition evaluation unchanged
2019-04-08 10:52:23,521 -- Initializing Spring DispatcherServlet 'dispatcherServlet'
2019-04-08 10:52:23,522 -- Initializing Servlet 'dispatcherServlet'
2019-04-08 10:52:23,527 -- Completed initialization in 5 ms
2019-04-08 10:53:04,862 -- Starting DemoApplication on RuoFeng945 with PID 7592 (D:\Workspace\java\repository\fighter\template\devops\target\classes started by Administrator in d:\Workspace\java\repository\fighter\template\devops)
2019-04-08 10:53:04,868 -- No active profile set, falling back to default profiles: default
2019-04-08 10:53:04,952 -- Devtools property defaults active! Set 'spring.devtools.add-properties' to 'false' to disable
2019-04-08 10:53:04,953 -- For additional web related logging consider setting the 'logging.level.web' property to 'DEBUG'
2019-04-08 10:53:10,505 -- Bean 'org.springframework.transaction.annotation.ProxyTransactionManagementConfiguration' of type [org.springframework.transaction.annotation.ProxyTransactionManagementConfiguration$$EnhancerBySpringCGLIB$$5929b5e4] is not eligible for getting processed by all BeanPostProcessors (for example: not eligible for auto-proxying)
2019-04-08 10:53:11,183 -- Tomcat initialized with port(s): 1111 (http)
2019-04-08 10:53:11,207 -- Initializing ProtocolHandler ["http-nio-1111"]
2019-04-08 10:53:11,226 -- Starting service [Tomcat]
2019-04-08 10:53:11,226 -- Starting Servlet engine: [Apache Tomcat/9.0.16]
2019-04-08 10:53:11,245 -- An older version [1.2.14] of the APR based Apache Tomcat Native library is installed, while Tomcat recommends a minimum version of [1.2.21]
2019-04-08 10:53:11,245 -- Loaded APR based Apache Tomcat Native library [1.2.14] using APR version [1.6.2].
2019-04-08 10:53:11,245 -- APR capabilities: IPv6 [true], sendfile [true], accept filters [false], random [true].
2019-04-08 10:53:11,246 -- APR/OpenSSL configuration: useAprConnector [false], useOpenSSL [true]
2019-04-08 10:53:12,341 -- OpenSSL successfully initialized [OpenSSL 1.0.2l  25 May 2017]
2019-04-08 10:53:12,527 -- Initializing Spring embedded WebApplicationContext
2019-04-08 10:53:12,527 -- Root WebApplicationContext: initialization completed in 7574 ms
2019-04-08 10:53:12,844 -- Init DruidDataSource
2019-04-08 10:53:13,565 -- {dataSource-1} inited
2019-04-08 10:53:14,598 -- Initializing ExecutorService 'applicationTaskExecutor'
2019-04-08 10:53:14,799 -- Adding welcome page: class path resource [static/index.html]
2019-04-08 10:53:15,282 -- LiveReload server is running on port 35729
2019-04-08 10:53:15,295 -- Exposing 2 endpoint(s) beneath base path '/actuator'
2019-04-08 10:53:15,364 -- Starting ProtocolHandler ["http-nio-1111"]
2019-04-08 10:53:15,404 -- Tomcat started on port(s): 1111 (http) with context path ''
2019-04-08 10:53:15,408 -- Started DemoApplication in 11.123 seconds (JVM running for 12.259)
2019-04-08 10:53:15,910 -- Initializing Spring DispatcherServlet 'dispatcherServlet'
2019-04-08 10:53:15,911 -- Initializing Servlet 'dispatcherServlet'
2019-04-08 10:53:15,921 -- Completed initialization in 10 ms
